#
# A fatal error has been detected by the Java Runtime Environment:
#
#  EXCEPTION_ACCESS_VIOLATION (0xc0000005) at pc=0x0000025e7632ada4, pid=15124, tid=6116
#
# JRE version: OpenJDK Runtime Environment (21.0.2+13) (build 21.0.2+13-58)
# Java VM: OpenJDK 64-Bit Server VM (21.0.2+13-58, mixed mode, emulated-client, sharing, tiered, compressed oops, compressed class ptrs, g1 gc, windows-amd64)
# Problematic frame:
# v  ~BufferBlob::MethodHandles adapters 0x0000025e7632ada4
#
# No core dump will be written. Minidumps are not enabled by default on client versions of Windows
#
# If you would like to submit a bug report, please visit:
#   https://bugreport.java.com/bugreport/crash.jsp
#

---------------  S U M M A R Y ------------

Command Line: -XX:+ShowCodeDetailsInExceptionMessages -agentlib:jdwp=transport=dt_socket,suspend=y,address=localhost:62391 -Dcom.sun.management.jmxremote -Dcom.sun.management.jmxremote.port=62389 -Dcom.sun.management.jmxremote.authenticate=false -Dcom.sun.management.jmxremote.ssl=false -Djava.rmi.server.hostname=localhost -Dspring.jmx.enabled=true -Dmanagement.endpoints.jmx.exposure.include=* -Dspring.application.admin.enabled=true -Dspring.output.ansi.enabled=always -XX:TieredStopAtLevel=1 -Dspring.boot.project.name=consumer_kafka -javaagent:D:\spring-tools-for-eclipse-4.31.0.RELEASE\sts-4.31.0.RELEASE\configuration\org.eclipse.osgi\273\0\.cp\lib\javaagent-shaded.jar -Dfile.encoding=UTF-8 -Dstdout.encoding=UTF-8 -Dstderr.encoding=UTF-8 com.nl.kafka.ConsumerKafkaApplication

Host: 11th Gen Intel(R) Core(TM) i7-1165G7 @ 2.80GHz, 8 cores, 15G,  Windows 11 , 64 bit Build 22621 (10.0.22621.5415)
Time: Fri Jul 18 12:47:48 2025 India Standard Time elapsed time: 1486.919993 seconds (0d 0h 24m 46s)

---------------  T H R E A D  ---------------

Current thread (0x0000025e4a316f50):  JavaThread "org.springframework.kafka.KafkaListenerEndpointContainer#0-0-C-1"        [_thread_in_Java, id=6116, stack(0x000000990db00000,0x000000990dc00000) (1024K)]

Stack: [0x000000990db00000,0x000000990dc00000],  sp=0x000000990dbfde58,  free space=1015k
Native frames: (J=compiled Java code, j=interpreted, Vv=VM code, C=native code)
C  0x0000025e7632ada4

The last pc belongs to _linkToVirtual (printed below).

siginfo: EXCEPTION_ACCESS_VIOLATION (0xc0000005), reading address 0x0000025e0472b53b


Registers:
RAX=0x0000025e762f9086, RBX=0x000000070884e730, RCX=0x000000990dbfde68, RDX=0x0000000000000003
RSP=0x000000990dbfde58, RBP=0x000000990dbfdeb0, RSI=0x0000025e48016168, RDI=0x0000025e47555d20
R8 =0x0000000000000004, R9 =0x0000000000000004, R10=0x0000025e0472a75b, R11=0x0000000000000183
R12=0x0000000000000000, R13=0x000000990dbfde58, R14=0x000000990dbfded8, R15=0x0000025e4a316f50
RIP=0x0000025e7632ada4, EFLAGS=0x0000000000010202


Register to memory mapping:

RAX=0x0000025e762f9086 is at code_begin+3078 in an Interpreter codelet
return entry points  [0x0000025e762f8480, 0x0000025e762fa298]  7704 bytes
RBX=0x000000070884e730 is an oop: org.apache.kafka.clients.consumer.ConsumerRecord 
{0x000000070884e730} - klass: 'org/apache/kafka/clients/consumer/ConsumerRecord'
 - ---- fields (total size 8 words):
 - private final 'partition' 'I' @12  0 (0x00000000)
 - private final 'offset' 'J' @16  387 (0x0000000000000183)
 - private final 'timestamp' 'J' @24  1752821418981 (0x000001981c4c4be5)
 - private final 'serializedKeySize' 'I' @32  -1 (0xffffffff)
 - private final 'serializedValueSize' 'I' @36  620 (0x0000026c)
 - private final 'topic' 'Ljava/lang/String;' @40  "topic-trace-bank"{0x00000007088a0300} (0xe1114060)
 - private final 'timestampType' 'Lorg/apache/kafka/common/record/TimestampType;' @44  a 'org/apache/kafka/common/record/TimestampType'{0x000000070884fa48} (0xe1109f49)
 - private final 'headers' 'Lorg/apache/kafka/common/header/Headers;' @48  a 'org/apache/kafka/common/header/internals/RecordHeaders'{0x0000000708832040} (0xe1106408)
 - private final 'key' 'Ljava/lang/Object;' @52  null (0x00000000)
 - private final 'value' 'Ljava/lang/Object;' @56  a 'com/nl/kafka/entity/KafkaProducerFileMetadata'{0x0000000708831df0} (0xe11063be)
 - private final 'leaderEpoch' 'Ljava/util/Optional;' @60  a 'java/util/Optional'{0x0000000708831de0} (0xe11063bc)
RCX=0x000000990dbfde68 is pointing into the stack for thread: 0x0000025e4a316f50
RDX=0x0000000000000003 is an unknown value
RSP=0x000000990dbfde58 is pointing into the stack for thread: 0x0000025e4a316f50
RBP=0x000000990dbfdeb0 is pointing into the stack for thread: 0x0000025e4a316f50
RSI=0x0000025e48016168 points into unknown readable memory: 0x88000fa9d50fd018 | 18 d0 0f d5 a9 0f 00 88
RDI=0x0000025e47555d20 points into unknown readable memory: 0x0000002000000070 | 70 00 00 00 20 00 00 00
R8 =0x0000000000000004 is an unknown value
R9 =0x0000000000000004 is an unknown value
R10=0x0000025e0472a75b is an unknown value
R11=0x0000000000000183 is an unknown value
R12=0x0 is null
R13=0x000000990dbfde58 is pointing into the stack for thread: 0x0000025e4a316f50
R14=0x000000990dbfded8 is pointing into the stack for thread: 0x0000025e4a316f50
R15=0x0000025e4a316f50 is a thread

Top of Stack: (sp=0x000000990dbfde58)
0x000000990dbfde58:   0000025e762f9086 0000000706b42568
0x000000990dbfde68:   000000990dbfde68 0000025e0272a75b
0x000000990dbfde78:   0000000000000005 0000025e020b18e8
0x000000990dbfde88:   00007ffc947f4435 0000000705309168
0x000000990dbfde98:   0000025e020b43e0 000000990dbfde58
0x000000990dbfdea8:   000000990dbfdee0 000000990dbfe208
0x000000990dbfdeb8:   0000025e76b89ebf 000000070884e7d8
0x000000990dbfdec8:   000000070884e730 0000000706b42568
0x000000990dbfded8:   000000070884e7b0 0000000705e795a8
0x000000990dbfdee8:   0000025e766b2a1e 0000000705e795a8
0x000000990dbfdef8:   0000000705e795a8 000000070884e808
0x000000990dbfdf08:   0000000706b42568 000000070884e838
0x000000990dbfdf18:   000000070884e730 000000070884e730
0x000000990dbfdf28:   000000070884e860 000000070884e7b0
0x000000990dbfdf38:   0000000706b42568 0000025e76b89dd4
0x000000990dbfdf48:   0000000000000000 000000990dbfe208
0x000000990dbfdf58:   0000025e76c658b2 0000000000000000
0x000000990dbfdf68:   0000000000000000 0000000705e795a8
0x000000990dbfdf78:   0000000000000001 0000000705e795a8
0x000000990dbfdf88:   0000000705a67060 000000070c410440
0x000000990dbfdf98:   0000000000000000 000000990dbfe208
0x000000990dbfdfa8:   0000025e767419ec 0000000000000000
0x000000990dbfdfb8:   0000000000000000 0000000000000000
0x000000990dbfdfc8:   0000000000000c00 0000000000000000
0x000000990dbfdfd8:   0000000000000000 0000000000000000
0x000000990dbfdfe8:   0000000000000000 0000000000000000
0x000000990dbfdff8:   0000000000000000 0000000000000000
0x000000990dbfe008:   0000000000000000 000000070884e888
0x000000990dbfe018:   000000070884e8a8 0000000706b42568
0x000000990dbfe028:   000000070c410440 0000000705a67060
0x000000990dbfe038:   0000000705e795a8 0000000000000000
0x000000990dbfe048:   0000000000000005 000000990dbfe208 

Instructions: (pc=0x0000025e7632ada4)
0x0000025e7632aca4:   5e 02 00 00 00 ad 32 76 5e 02 00 00 80 bd 32 76
0x0000025e7632acb4:   5e 02 00 00 f0 ac 32 76 5e 02 00 00 f0 ac 32 76
0x0000025e7632acc4:   5e 02 00 00 00 00 00 00 00 00 00 00 d8 4f d8 94
0x0000025e7632acd4:   fc 7f 00 00 f0 10 00 00 60 00 00 00 ff ff ff ff
0x0000025e7632ace4:   f0 10 00 00 00 00 00 00 00 00 00 00 00 00 00 00
0x0000025e7632acf4:   00 00 00 00 00 00 00 00 00 00 00 00 f4 66 66 66
0x0000025e7632ad04:   0f 1f 84 00 00 00 00 00 66 66 66 90 66 66 66 0f
0x0000025e7632ad14:   1f 84 00 00 00 00 00 66 66 66 90 90 48 8b 53 08
0x0000025e7632ad24:   0f b7 52 2e 48 8b 0c d4 8b 59 14 48 c1 e3 03 8b
0x0000025e7632ad34:   5b 28 48 c1 e3 03 8b 5b 24 48 c1 e3 03 48 8b 5b
0x0000025e7632ad44:   10 48 85 db 0f 84 10 00 00 00 41 80 bf e0 05 00
0x0000025e7632ad54:   00 00 74 03 ff 63 38 ff 63 50 e9 9d 16 00 00 66
0x0000025e7632ad64:   66 66 0f 1f 84 00 00 00 00 00 66 66 66 90 66 66
0x0000025e7632ad74:   0f 1f 84 00 00 00 00 00 66 66 66 90 48 8b 53 08
0x0000025e7632ad84:   0f b7 52 2e 48 8b 0c d4 58 5b 50 44 8b 51 08 49
0x0000025e7632ad94:   bb 00 00 00 02 5e 02 00 00 4d 03 d3 4c 8b 5b 10
0x0000025e7632ada4:   4b 8b 9c da c8 01 00 00 48 85 db 0f 84 10 00 00
0x0000025e7632adb4:   00 41 80 bf e0 05 00 00 00 74 03 ff 63 38 ff 63
0x0000025e7632adc4:   50 e9 36 16 00 00 66 66 66 0f 1f 84 00 00 00 00
0x0000025e7632add4:   00 66 66 66 90 0f 1f 80 00 00 00 00 58 5b 50 8b
0x0000025e7632ade4:   5b 24 48 c1 e3 03 48 8b 5b 10 48 85 db 0f 84 10
0x0000025e7632adf4:   00 00 00 41 80 bf e0 05 00 00 00 74 03 ff 63 38
0x0000025e7632ae04:   ff 63 50 e9 f4 15 00 00 66 66 66 0f 1f 84 00 00
0x0000025e7632ae14:   00 00 00 66 66 66 90 0f 1f 44 00 00 48 8b 53 08
0x0000025e7632ae24:   0f b7 52 2e 48 8b 0c d4 58 5b 50 48 3b 01 8b 5b
0x0000025e7632ae34:   24 48 c1 e3 03 48 8b 5b 10 48 85 db 0f 84 10 00
0x0000025e7632ae44:   00 00 41 80 bf e0 05 00 00 00 74 03 ff 63 38 ff
0x0000025e7632ae54:   63 50 e9 a5 15 00 00 0f 1f 44 00 00 48 8b 53 08
0x0000025e7632ae64:   0f b7 52 2e 48 8b 0c d4 58 5b 50 44 8b 51 08 49
0x0000025e7632ae74:   bb 00 00 00 02 5e 02 00 00 4d 03 d3 8b 43 18 48
0x0000025e7632ae84:   c1 e0 03 48 8b 40 10 48 8b 5b 10 45 8b 9a a0 00
0x0000025e7632ae94:   00 00 4f 8d 9c da c8 01 00 00 4d 8d 14 da 49 8b 


Stack slot to memory mapping:

stack at sp + 0 slots: 0x0000025e762f9086 is at code_begin+3078 in an Interpreter codelet
return entry points  [0x0000025e762f8480, 0x0000025e762fa298]  7704 bytes
stack at sp + 1 slots: 0x0000000706b42568 is an oop: com.nl.kafka.service.impl.KafkaConsumerServiceImpl 
{0x0000000706b42568} - klass: 'com/nl/kafka/service/impl/KafkaConsumerServiceImpl'
 - ---- fields (total size 4 words):
 - private 'kafkaTemplate' 'Lorg/springframework/kafka/core/KafkaTemplate;' @12  a 'org/springframework/kafka/core/KafkaTemplate'{0x00000007066b1248} (0xe0cd6249)
 - private final 'kafkaTemplate_FileMetadata' 'Lorg/springframework/kafka/core/KafkaTemplate;' @16  a 'org/springframework/kafka/core/KafkaTemplate'{0x00000007066b5658} (0xe0cd6acb)
 - private final 'bankGroupMasterCRRepository' 'Lcom/nl/kafka/repository/BankGroupMasterCRRepository;' @20  a 'jdk/proxy2/$Proxy131'{0x0000000706731a28} (0xe0ce6345)
 - private final 'bankMasterCRRepository' 'Lcom/nl/kafka/repository/BankMasterCRRepository;' @24  a 'jdk/proxy2/$Proxy133'{0x0000000706cc7f58} (0xe0d98feb)
 - private final 'kafkaProducerFileMetadataRepository' 'Lcom/nl/kafka/repository/KafkaProducerFileMetadataRepository;' @28  a 'jdk/proxy2/$Proxy129'{0x00000007067daf28} (0xe0cfb5e5)
stack at sp + 2 slots: 0x000000990dbfde68 is pointing into the stack for thread: 0x0000025e4a316f50
stack at sp + 3 slots: 0x0000025e0272a75b is pointing into metadata
stack at sp + 4 slots: 0x0000000000000005 is an unknown value
stack at sp + 5 slots: 0x0000025e020b18e8 is pointing into metadata
stack at sp + 6 slots: 0x00007ffc947f4435 jvm.dll
stack at sp + 7 slots: 0x0000000705309168 is an oop: java.lang.Class 
{0x0000000705309168} - klass: 'java/lang/Class'
 - ---- fields (total size 14 words):
 - private volatile transient 'classRedefinedCount' 'I' @12  0 (0x00000000)
 - injected 'klass' 'J' @16  2602784462008 (0x0000025e020b14b8)
 - injected 'array_klass' 'J' @24  0 (0x0000000000000000)
 - injected 'oop_size' 'I' @32  14 (0x0000000e)
 - injected 'static_oop_field_count' 'I' @36  0 (0x00000000)
 - private volatile transient 'cachedConstructor' 'Ljava/lang/reflect/Constructor;' @40  null (0x00000000)
 - private transient 'name' 'Ljava/lang/String;' @44  null (0x00000000)
 - private transient 'module' 'Ljava/lang/Module;' @48  a 'java/lang/Module'{0x00000007052df388} (0xe0a5be71)
 - private final 'classLoader' 'Ljava/lang/ClassLoader;' @52  null (0x00000000)
 - private transient 'classData' 'Ljava/lang/Object;' @56  null (0x00000000)
 - private transient 'packageName' 'Ljava/lang/String;' @60  null (0x00000000)
 - private final 'componentType' 'Ljava/lang/Class;' @64  null (0x00000000)
 - private volatile transient 'reflectionData' 'Ljava/lang/ref/SoftReference;' @68  null (0x00000000)
 - private volatile transient 'genericInfo' 'Lsun/reflect/generics/repository/ClassRepository;' @72  null (0x00000000)
 - private volatile transient 'enumConstants' '[Ljava/lang/Object;' @76  null (0x00000000)
 - private volatile transient 'enumConstantDirectory' 'Ljava/util/Map;' @80  null (0x00000000)
 - private volatile transient 'annotationData' 'Ljava/lang/Class$AnnotationData;' @84  null (0x00000000)
 - private volatile transient 'annotationType' 'Lsun/reflect/annotation/AnnotationType;' @88  null (0x00000000)
 - transient 'classValueMap' 'Ljava/lang/ClassValue$ClassValueMap;' @92  null (0x00000000)
 - injected 'protection_domain' 'Ljava/lang/Object;' @96  null (0x00000000)
 - injected 'signers_name' 'Ljava/lang/Object;' @100  null (0x00000000)
 - injected 'source_file' 'Ljava/lang/Object;' @104  null (0x00000000)
 - signature: Ljava/lang/invoke/DirectMethodHandle$Holder;
 - ---- static fields (0):

MethodHandle::interpreter_entry::_linkToVirtual [0x0000025e7632ad63, 0x0000025e7632adca] (103 bytes)
[MachCode]
  0x0000025e7632ad63: 6666 660f | 1f84 0000 | 0000 0066 | 6666 9066 | 660f 1f84 | 0000 0000 | 0066 6666 | 9048 8b53 
  0x0000025e7632ad83: 080f b752 | 2e48 8b0c | d458 5b50 | 448b 5108 | 49bb 0000 | 0002 5e02 | 0000 4d03 | d34c 8b5b 
  0x0000025e7632ada3: 104b 8b9c | dac8 0100 | 0048 85db | 0f84 1000 | 0000 4180 | bfe0 0500 | 0000 7403 | ff63 38ff 
  0x0000025e7632adc3: 6350 e936 | 
[/MachCode]

---------------  P R O C E S S  ---------------

Threads class SMR info:
_java_thread_list=0x0000025e47fff530, length=46, elements={
0x0000025e7f53ab10, 0x0000025e7f53b830, 0x0000025e7f53cb40, 0x0000025e7f53eac0,
0x0000025e7f547660, 0x0000025e7f56d710, 0x0000025e7f56e2a0, 0x0000025e7f787010,
0x0000025e7f81ecb0, 0x0000025e7f821550, 0x0000025e7f8261f0, 0x0000025e472981f0,
0x0000025e47456290, 0x0000025e47457b70, 0x0000025e47491190, 0x0000025e47b0e530,
0x0000025e47b167a0, 0x0000025e47b22b40, 0x0000025e48b93ed0, 0x0000025e48b91770,
0x0000025e48b90a50, 0x0000025e48b91e00, 0x0000025e48b931b0, 0x0000025e48b92490,
0x0000025e48b92b20, 0x0000025e4a319020, 0x0000025e4a312090, 0x0000025e4a318990,
0x0000025e4a313440, 0x0000025e4a317c70, 0x0000025e4a318300, 0x0000025e4a312720,
0x0000025e4a3196b0, 0x0000025e4a316230, 0x0000025e4a315ba0, 0x0000025e4a3168c0,
0x0000025e4a315510, 0x0000025e4a316f50, 0x0000025e4a312db0, 0x0000025e4a313ad0,
0x0000025e4a3175e0, 0x0000025e4a314160, 0x0000025e4a3147f0, 0x0000025e4a314e80,
0x0000025e4735b5d0, 0x0000025e4735c2f0
}

Java Threads: ( => current thread )
  0x0000025e7f53ab10 JavaThread "Reference Handler"          daemon [_thread_blocked, id=8520, stack(0x000000990a800000,0x000000990a900000) (1024K)]
  0x0000025e7f53b830 JavaThread "Finalizer"                  daemon [_thread_blocked, id=6984, stack(0x000000990a900000,0x000000990aa00000) (1024K)]
  0x0000025e7f53cb40 JavaThread "Signal Dispatcher"          daemon [_thread_blocked, id=5164, stack(0x000000990aa00000,0x000000990ab00000) (1024K)]
  0x0000025e7f53eac0 JavaThread "Attach Listener"            daemon [_thread_blocked, id=25568, stack(0x000000990ab00000,0x000000990ac00000) (1024K)]
  0x0000025e7f547660 JavaThread "Service Thread"             daemon [_thread_blocked, id=22544, stack(0x000000990ac00000,0x000000990ad00000) (1024K)]
  0x0000025e7f56d710 JavaThread "Monitor Deflation Thread"   daemon [_thread_blocked, id=27440, stack(0x000000990ad00000,0x000000990ae00000) (1024K)]
  0x0000025e7f56e2a0 JavaThread "C1 CompilerThread0"         daemon [_thread_blocked, id=28976, stack(0x000000990ae00000,0x000000990af00000) (1024K)]
  0x0000025e7f787010 JavaThread "Common-Cleaner"             daemon [_thread_blocked, id=16568, stack(0x000000990af00000,0x000000990b000000) (1024K)]
  0x0000025e7f81ecb0 JavaThread "JDWP Transport Listener: dt_socket" daemon [_thread_blocked, id=29092, stack(0x000000990b300000,0x000000990b400000) (1024K)]
  0x0000025e7f821550 JavaThread "JDWP Event Helper Thread"   daemon [_thread_blocked, id=14528, stack(0x000000990b400000,0x000000990b500000) (1024K)]
  0x0000025e7f8261f0 JavaThread "JDWP Command Reader"        daemon [_thread_in_native, id=20800, stack(0x000000990b500000,0x000000990b600000) (1024K)]
  0x0000025e472981f0 JavaThread "Notification Thread"        daemon [_thread_blocked, id=23104, stack(0x000000990b600000,0x000000990b700000) (1024K)]
  0x0000025e47456290 JavaThread "RMI TCP Accept-0"           daemon [_thread_in_native, id=21936, stack(0x000000990be00000,0x000000990bf00000) (1024K)]
  0x0000025e47457b70 JavaThread "RMI TCP Accept-62389"       daemon [_thread_in_native, id=20156, stack(0x000000990bf00000,0x000000990c000000) (1024K)]
  0x0000025e47491190 JavaThread "RMI TCP Accept-0"           daemon [_thread_in_native, id=9532, stack(0x000000990c000000,0x000000990c100000) (1024K)]
  0x0000025e47b0e530 JavaThread "RMI Scheduler(0)"           daemon [_thread_blocked, id=22492, stack(0x000000990c200000,0x000000990c300000) (1024K)]
  0x0000025e47b167a0 JavaThread "RMI TCP Connection(idle)"   daemon [_thread_blocked, id=14376, stack(0x000000990c300000,0x000000990c400000) (1024K)]
  0x0000025e47b22b40 JavaThread "JMX server connection timeout 38" daemon [_thread_blocked, id=3052, stack(0x000000990c400000,0x000000990c500000) (1024K)]
  0x0000025e48b93ed0 JavaThread "Catalina-utility-1"                [_thread_blocked, id=7200, stack(0x000000990c500000,0x000000990c600000) (1024K)]
  0x0000025e48b91770 JavaThread "Catalina-utility-2"                [_thread_blocked, id=25048, stack(0x000000990c700000,0x000000990c800000) (1024K)]
  0x0000025e48b90a50 JavaThread "container-0"                       [_thread_blocked, id=15240, stack(0x000000990c800000,0x000000990c900000) (1024K)]
  0x0000025e48b91e00 JavaThread "HikariPool-1:housekeeper"   daemon [_thread_blocked, id=15152, stack(0x000000990ca00000,0x000000990cb00000) (1024K)]
  0x0000025e48b931b0 JavaThread "http-nio-9030-exec-1"       daemon [_thread_blocked, id=11372, stack(0x000000990cc00000,0x000000990cd00000) (1024K)]
  0x0000025e48b92490 JavaThread "http-nio-9030-exec-2"       daemon [_thread_blocked, id=19452, stack(0x000000990cd00000,0x000000990ce00000) (1024K)]
  0x0000025e48b92b20 JavaThread "http-nio-9030-exec-3"       daemon [_thread_blocked, id=8396, stack(0x000000990ce00000,0x000000990cf00000) (1024K)]
  0x0000025e4a319020 JavaThread "http-nio-9030-exec-4"       daemon [_thread_blocked, id=17536, stack(0x000000990cf00000,0x000000990d000000) (1024K)]
  0x0000025e4a312090 JavaThread "http-nio-9030-exec-5"       daemon [_thread_blocked, id=28440, stack(0x000000990d000000,0x000000990d100000) (1024K)]
  0x0000025e4a318990 JavaThread "http-nio-9030-exec-6"       daemon [_thread_blocked, id=12104, stack(0x000000990d100000,0x000000990d200000) (1024K)]
  0x0000025e4a313440 JavaThread "http-nio-9030-exec-7"       daemon [_thread_blocked, id=17104, stack(0x000000990d200000,0x000000990d300000) (1024K)]
  0x0000025e4a317c70 JavaThread "http-nio-9030-exec-8"       daemon [_thread_blocked, id=15116, stack(0x000000990d300000,0x000000990d400000) (1024K)]
  0x0000025e4a318300 JavaThread "http-nio-9030-exec-9"       daemon [_thread_blocked, id=27720, stack(0x000000990d400000,0x000000990d500000) (1024K)]
  0x0000025e4a312720 JavaThread "http-nio-9030-exec-10"      daemon [_thread_blocked, id=11412, stack(0x000000990d500000,0x000000990d600000) (1024K)]
  0x0000025e4a3196b0 JavaThread "http-nio-9030-Poller"       daemon [_thread_in_native, id=1844, stack(0x000000990d600000,0x000000990d700000) (1024K)]
  0x0000025e4a316230 JavaThread "http-nio-9030-Acceptor"     daemon [_thread_in_native, id=4892, stack(0x000000990d700000,0x000000990d800000) (1024K)]
  0x0000025e4a315ba0 JavaThread "ThreadPoolTaskScheduler-1"         [_thread_blocked, id=10384, stack(0x000000990d800000,0x000000990d900000) (1024K)]
  0x0000025e4a3168c0 JavaThread "org.springframework.kafka.KafkaListenerEndpointContainer#2-0-C-1"        [_thread_in_native, id=22128, stack(0x000000990d900000,0x000000990da00000) (1024K)]
  0x0000025e4a315510 JavaThread "ThreadPoolTaskScheduler-1"         [_thread_blocked, id=21556, stack(0x000000990da00000,0x000000990db00000) (1024K)]
=>0x0000025e4a316f50 JavaThread "org.springframework.kafka.KafkaListenerEndpointContainer#0-0-C-1"        [_thread_in_Java, id=6116, stack(0x000000990db00000,0x000000990dc00000) (1024K)]
  0x0000025e4a312db0 JavaThread "ThreadPoolTaskScheduler-1"         [_thread_blocked, id=22584, stack(0x000000990dc00000,0x000000990dd00000) (1024K)]
  0x0000025e4a313ad0 JavaThread "org.springframework.kafka.KafkaListenerEndpointContainer#1-0-C-1"        [_thread_in_native, id=16768, stack(0x000000990dd00000,0x000000990de00000) (1024K)]
  0x0000025e4a3175e0 JavaThread "scheduling-1"                      [_thread_blocked, id=8448, stack(0x000000990de00000,0x000000990df00000) (1024K)]
  0x0000025e4a314160 JavaThread "DestroyJavaVM"                     [_thread_blocked, id=23640, stack(0x000000990a000000,0x000000990a100000) (1024K)]
  0x0000025e4a3147f0 JavaThread "kafka-coordinator-heartbeat-thread | kafka-group-trace-bank-id" daemon [_thread_blocked, id=6396, stack(0x000000990df00000,0x000000990e000000) (1024K)]
  0x0000025e4a314e80 JavaThread "kafka-coordinator-heartbeat-thread | kafka-group-station-id" daemon [_thread_blocked, id=26328, stack(0x000000990e000000,0x000000990e100000) (1024K)]
  0x0000025e4735b5d0 JavaThread "kafka-coordinator-heartbeat-thread | kafka-group-station-id" daemon [_thread_blocked, id=9932, stack(0x000000990e100000,0x000000990e200000) (1024K)]
  0x0000025e4735c2f0 JavaThread "pool-2-thread-1"                   [_thread_blocked, id=4348, stack(0x0000009909d00000,0x0000009909e00000) (1024K)]
Total: 46

Other Threads:
  0x0000025e7f51ad70 VMThread "VM Thread"                           [id=18692, stack(0x000000990a700000,0x000000990a800000) (1024K)]
  0x0000025e7f5079b0 WatcherThread "VM Periodic Task Thread"        [id=27552, stack(0x000000990a600000,0x000000990a700000) (1024K)]
  0x0000025e6ded0000 WorkerThread "GC Thread#0"                     [id=13140, stack(0x000000990a100000,0x000000990a200000) (1024K)]
  0x0000025e4742c990 WorkerThread "GC Thread#1"                     [id=8320, stack(0x000000990b700000,0x000000990b800000) (1024K)]
  0x0000025e4742cd30 WorkerThread "GC Thread#2"                     [id=10868, stack(0x000000990b800000,0x000000990b900000) (1024K)]
  0x0000025e4742f4f0 WorkerThread "GC Thread#3"                     [id=5528, stack(0x000000990b900000,0x000000990ba00000) (1024K)]
  0x0000025e4742fca0 WorkerThread "GC Thread#4"                     [id=27160, stack(0x000000990ba00000,0x000000990bb00000) (1024K)]
  0x0000025e47430040 WorkerThread "GC Thread#5"                     [id=18116, stack(0x000000990bb00000,0x000000990bc00000) (1024K)]
  0x0000025e47464770 WorkerThread "GC Thread#6"                     [id=24688, stack(0x000000990bc00000,0x000000990bd00000) (1024K)]
  0x0000025e47464b10 WorkerThread "GC Thread#7"                     [id=28292, stack(0x000000990bd00000,0x000000990be00000) (1024K)]
  0x0000025e6dee13c0 ConcurrentGCThread "G1 Main Marker"            [id=29248, stack(0x000000990a200000,0x000000990a300000) (1024K)]
  0x0000025e6dee2570 WorkerThread "G1 Conc#0"                       [id=18560, stack(0x000000990a300000,0x000000990a400000) (1024K)]
  0x0000025e479e81f0 WorkerThread "G1 Conc#1"                       [id=14560, stack(0x000000990c600000,0x000000990c700000) (1024K)]
  0x0000025e7f3dafa0 ConcurrentGCThread "G1 Refine#0"               [id=7588, stack(0x000000990a400000,0x000000990a500000) (1024K)]
  0x0000025e7f3db920 ConcurrentGCThread "G1 Service"                [id=11864, stack(0x000000990a500000,0x000000990a600000) (1024K)]
Total: 15

Threads with active compile tasks:
Total: 0

VM state: not at safepoint (normal execution)

VM Mutex/Monitor currently owned by a thread: None

Heap address: 0x0000000704e00000, size: 4018 MB, Compressed Oops mode: Zero based, Oop shift amount: 3

CDS archive(s) mapped at: [0x0000025e02000000-0x0000025e02c90000-0x0000025e02c90000), size 13172736, SharedBaseAddress: 0x0000025e02000000, ArchiveRelocationMode: 1.
Compressed class space mapped at: 0x0000025e03000000-0x0000025e43000000, reserved size: 1073741824
Narrow klass base: 0x0000025e02000000, Narrow klass shift: 0, Narrow klass range: 0x100000000

GC Precious Log:
 CardTable entry size: 512
 Card Set container configuration: InlinePtr #cards 4 size 8 Array Of Cards #cards 16 size 48 Howl #buckets 8 coarsen threshold 3686 Howl Bitmap #cards 512 size 80 coarsen threshold 460 Card regions per heap region 1 cards per card region 4096
 CPUs: 8 total, 8 available
 Memory: 16064M
 Large Page Support: Disabled
 NUMA Support: Disabled
 Compressed Oops: Enabled (Zero based)
 Heap Region Size: 2M
 Heap Min Capacity: 8M
 Heap Initial Capacity: 252M
 Heap Max Capacity: 4018M
 Pre-touch: Disabled
 Parallel Workers: 8
 Concurrent Workers: 2
 Concurrent Refinement Workers: 8
 Periodic GC: Disabled

Heap:
 garbage-first heap   total 141312K, used 69548K [0x0000000704e00000, 0x0000000800000000)
  region size 2048K, 19 young (38912K), 2 survivors (4096K)
 Metaspace       used 79303K, committed 80064K, reserved 1179648K
  class space    used 10726K, committed 11072K, reserved 1048576K

Heap Regions: E=young(eden), S=young(survivor), O=old, HS=humongous(starts), HC=humongous(continues), CS=collection set, F=free, TAMS=top-at-mark-start, PB=parsable bottom
|   0|0x0000000704e00000, 0x0000000705000000, 0x0000000705000000|100%| O|  |TAMS 0x0000000704e00000| PB 0x0000000704e00000| Untracked 
|   1|0x0000000705000000, 0x0000000705200000, 0x0000000705200000|100%| O|  |TAMS 0x0000000705000000| PB 0x0000000705000000| Untracked 
|   2|0x0000000705200000, 0x0000000705400000, 0x0000000705400000|100%| O|  |TAMS 0x0000000705200000| PB 0x0000000705200000| Untracked 
|   3|0x0000000705400000, 0x0000000705600000, 0x0000000705600000|100%| O|  |TAMS 0x0000000705400000| PB 0x0000000705400000| Untracked 
|   4|0x0000000705600000, 0x0000000705800000, 0x0000000705800000|100%| O|  |TAMS 0x0000000705600000| PB 0x0000000705600000| Untracked 
|   5|0x0000000705800000, 0x0000000705a00000, 0x0000000705a00000|100%| O|  |TAMS 0x0000000705800000| PB 0x0000000705800000| Untracked 
|   6|0x0000000705a00000, 0x0000000705c00000, 0x0000000705c00000|100%| O|  |TAMS 0x0000000705a00000| PB 0x0000000705a00000| Untracked 
|   7|0x0000000705c00000, 0x0000000705e00000, 0x0000000705e00000|100%| O|  |TAMS 0x0000000705c00000| PB 0x0000000705c00000| Untracked 
|   8|0x0000000705e00000, 0x0000000706000000, 0x0000000706000000|100%| O|  |TAMS 0x0000000705e00000| PB 0x0000000705e00000| Untracked 
|   9|0x0000000706000000, 0x0000000706200000, 0x0000000706200000|100%| O|  |TAMS 0x0000000706000000| PB 0x0000000706000000| Untracked 
|  10|0x0000000706200000, 0x0000000706200000, 0x0000000706400000|  0%| F|  |TAMS 0x0000000706200000| PB 0x0000000706200000| Untracked 
|  11|0x0000000706400000, 0x0000000706600000, 0x0000000706600000|100%| O|  |TAMS 0x0000000706400000| PB 0x0000000706400000| Untracked 
|  12|0x0000000706600000, 0x0000000706800000, 0x0000000706800000|100%| O|  |TAMS 0x0000000706600000| PB 0x0000000706600000| Untracked 
|  13|0x0000000706800000, 0x0000000706a00000, 0x0000000706a00000|100%| O|  |TAMS 0x0000000706800000| PB 0x0000000706800000| Untracked 
|  14|0x0000000706a00000, 0x0000000706c00000, 0x0000000706c00000|100%| O|  |TAMS 0x0000000706a00000| PB 0x0000000706a00000| Untracked 
|  15|0x0000000706c00000, 0x0000000706e00000, 0x0000000706e00000|100%| O|  |TAMS 0x0000000706c00000| PB 0x0000000706c00000| Untracked 
|  16|0x0000000706e00000, 0x0000000707000000, 0x0000000707000000|100%| O|  |TAMS 0x0000000706e00000| PB 0x0000000706e00000| Untracked 
|  17|0x0000000707000000, 0x000000070703bd00, 0x0000000707200000| 11%| O|  |TAMS 0x0000000707000000| PB 0x0000000707000000| Untracked 
|  18|0x0000000707200000, 0x0000000707200000, 0x0000000707400000|  0%| F|  |TAMS 0x0000000707200000| PB 0x0000000707200000| Untracked 
|  19|0x0000000707400000, 0x0000000707400000, 0x0000000707600000|  0%| F|  |TAMS 0x0000000707400000| PB 0x0000000707400000| Untracked 
|  20|0x0000000707600000, 0x0000000707600000, 0x0000000707800000|  0%| F|  |TAMS 0x0000000707600000| PB 0x0000000707600000| Untracked 
|  21|0x0000000707800000, 0x0000000707800000, 0x0000000707a00000|  0%| F|  |TAMS 0x0000000707800000| PB 0x0000000707800000| Untracked 
|  22|0x0000000707a00000, 0x0000000707a00000, 0x0000000707c00000|  0%| F|  |TAMS 0x0000000707a00000| PB 0x0000000707a00000| Untracked 
|  23|0x0000000707c00000, 0x0000000707c00000, 0x0000000707e00000|  0%| F|  |TAMS 0x0000000707c00000| PB 0x0000000707c00000| Untracked 
|  24|0x0000000707e00000, 0x0000000707e00000, 0x0000000708000000|  0%| F|  |TAMS 0x0000000707e00000| PB 0x0000000707e00000| Untracked 
|  25|0x0000000708000000, 0x0000000708000000, 0x0000000708200000|  0%| F|  |TAMS 0x0000000708000000| PB 0x0000000708000000| Untracked 
|  26|0x0000000708200000, 0x0000000708200000, 0x0000000708400000|  0%| F|  |TAMS 0x0000000708200000| PB 0x0000000708200000| Untracked 
|  27|0x0000000708400000, 0x0000000708400000, 0x0000000708600000|  0%| F|  |TAMS 0x0000000708400000| PB 0x0000000708400000| Untracked 
|  28|0x0000000708600000, 0x00000007087af450, 0x0000000708800000| 84%| S|CS|TAMS 0x0000000708600000| PB 0x0000000708600000| Complete 
|  29|0x0000000708800000, 0x0000000708a00000, 0x0000000708a00000|100%| S|CS|TAMS 0x0000000708800000| PB 0x0000000708800000| Complete 
|  30|0x0000000708a00000, 0x0000000708a00000, 0x0000000708c00000|  0%| F|  |TAMS 0x0000000708a00000| PB 0x0000000708a00000| Untracked 
|  31|0x0000000708c00000, 0x0000000708c00000, 0x0000000708e00000|  0%| F|  |TAMS 0x0000000708c00000| PB 0x0000000708c00000| Untracked 
|  32|0x0000000708e00000, 0x0000000708e00000, 0x0000000709000000|  0%| F|  |TAMS 0x0000000708e00000| PB 0x0000000708e00000| Untracked 
|  33|0x0000000709000000, 0x0000000709000000, 0x0000000709200000|  0%| F|  |TAMS 0x0000000709000000| PB 0x0000000709000000| Untracked 
|  34|0x0000000709200000, 0x0000000709200000, 0x0000000709400000|  0%| F|  |TAMS 0x0000000709200000| PB 0x0000000709200000| Untracked 
|  35|0x0000000709400000, 0x0000000709400000, 0x0000000709600000|  0%| F|  |TAMS 0x0000000709400000| PB 0x0000000709400000| Untracked 
|  36|0x0000000709600000, 0x0000000709600000, 0x0000000709800000|  0%| F|  |TAMS 0x0000000709600000| PB 0x0000000709600000| Untracked 
|  37|0x0000000709800000, 0x0000000709800000, 0x0000000709a00000|  0%| F|  |TAMS 0x0000000709800000| PB 0x0000000709800000| Untracked 
|  38|0x0000000709a00000, 0x0000000709a00000, 0x0000000709c00000|  0%| F|  |TAMS 0x0000000709a00000| PB 0x0000000709a00000| Untracked 
|  39|0x0000000709c00000, 0x0000000709c00000, 0x0000000709e00000|  0%| F|  |TAMS 0x0000000709c00000| PB 0x0000000709c00000| Untracked 
|  40|0x0000000709e00000, 0x0000000709e00000, 0x000000070a000000|  0%| F|  |TAMS 0x0000000709e00000| PB 0x0000000709e00000| Untracked 
|  41|0x000000070a000000, 0x000000070a000000, 0x000000070a200000|  0%| F|  |TAMS 0x000000070a000000| PB 0x000000070a000000| Untracked 
|  42|0x000000070a200000, 0x000000070a200000, 0x000000070a400000|  0%| F|  |TAMS 0x000000070a200000| PB 0x000000070a200000| Untracked 
|  43|0x000000070a400000, 0x000000070a400000, 0x000000070a600000|  0%| F|  |TAMS 0x000000070a400000| PB 0x000000070a400000| Untracked 
|  44|0x000000070a600000, 0x000000070a600000, 0x000000070a800000|  0%| F|  |TAMS 0x000000070a600000| PB 0x000000070a600000| Untracked 
|  45|0x000000070a800000, 0x000000070a800000, 0x000000070aa00000|  0%| F|  |TAMS 0x000000070a800000| PB 0x000000070a800000| Untracked 
|  46|0x000000070aa00000, 0x000000070aa00000, 0x000000070ac00000|  0%| F|  |TAMS 0x000000070aa00000| PB 0x000000070aa00000| Untracked 
|  47|0x000000070ac00000, 0x000000070ac00000, 0x000000070ae00000|  0%| F|  |TAMS 0x000000070ac00000| PB 0x000000070ac00000| Untracked 
|  48|0x000000070ae00000, 0x000000070ae00000, 0x000000070b000000|  0%| F|  |TAMS 0x000000070ae00000| PB 0x000000070ae00000| Untracked 
|  49|0x000000070b000000, 0x000000070b000000, 0x000000070b200000|  0%| F|  |TAMS 0x000000070b000000| PB 0x000000070b000000| Untracked 
|  50|0x000000070b200000, 0x000000070b200000, 0x000000070b400000|  0%| F|  |TAMS 0x000000070b200000| PB 0x000000070b200000| Untracked 
|  51|0x000000070b400000, 0x000000070b400000, 0x000000070b600000|  0%| F|  |TAMS 0x000000070b400000| PB 0x000000070b400000| Untracked 
|  52|0x000000070b600000, 0x000000070b6cb508, 0x000000070b800000| 39%| E|  |TAMS 0x000000070b600000| PB 0x000000070b600000| Complete 
|  53|0x000000070b800000, 0x000000070ba00000, 0x000000070ba00000|100%| E|CS|TAMS 0x000000070b800000| PB 0x000000070b800000| Complete 
|  54|0x000000070ba00000, 0x000000070bc00000, 0x000000070bc00000|100%| E|CS|TAMS 0x000000070ba00000| PB 0x000000070ba00000| Complete 
|  55|0x000000070bc00000, 0x000000070be00000, 0x000000070be00000|100%| E|CS|TAMS 0x000000070bc00000| PB 0x000000070bc00000| Complete 
|  56|0x000000070be00000, 0x000000070c000000, 0x000000070c000000|100%| E|CS|TAMS 0x000000070be00000| PB 0x000000070be00000| Complete 
|  57|0x000000070c000000, 0x000000070c200000, 0x000000070c200000|100%| E|CS|TAMS 0x000000070c000000| PB 0x000000070c000000| Complete 
|  58|0x000000070c200000, 0x000000070c400000, 0x000000070c400000|100%| E|CS|TAMS 0x000000070c200000| PB 0x000000070c200000| Complete 
|  59|0x000000070c400000, 0x000000070c600000, 0x000000070c600000|100%| E|CS|TAMS 0x000000070c400000| PB 0x000000070c400000| Complete 
|  60|0x000000070c600000, 0x000000070c800000, 0x000000070c800000|100%| E|CS|TAMS 0x000000070c600000| PB 0x000000070c600000| Complete 
|  61|0x000000070c800000, 0x000000070ca00000, 0x000000070ca00000|100%| E|CS|TAMS 0x000000070c800000| PB 0x000000070c800000| Complete 
|  62|0x000000070ca00000, 0x000000070cc00000, 0x000000070cc00000|100%| E|CS|TAMS 0x000000070ca00000| PB 0x000000070ca00000| Complete 
|  63|0x000000070cc00000, 0x000000070ce00000, 0x000000070ce00000|100%| E|CS|TAMS 0x000000070cc00000| PB 0x000000070cc00000| Complete 
|  64|0x000000070ce00000, 0x000000070d000000, 0x000000070d000000|100%| E|CS|TAMS 0x000000070ce00000| PB 0x000000070ce00000| Complete 
|  65|0x000000070d000000, 0x000000070d200000, 0x000000070d200000|100%| E|CS|TAMS 0x000000070d000000| PB 0x000000070d000000| Complete 
|  66|0x000000070d200000, 0x000000070d400000, 0x000000070d400000|100%| E|CS|TAMS 0x000000070d200000| PB 0x000000070d200000| Complete 
|  67|0x000000070d400000, 0x000000070d600000, 0x000000070d600000|100%| E|CS|TAMS 0x000000070d400000| PB 0x000000070d400000| Complete 
| 125|0x0000000714800000, 0x0000000714a00000, 0x0000000714a00000|100%| E|CS|TAMS 0x0000000714800000| PB 0x0000000714800000| Complete 

Card table byte_map: [0x0000025e7a3b0000,0x0000025e7ab90000] _byte_map_base: 0x0000025e76b89000

Marking Bits: (CMBitMap*) 0x0000025e6ded0e20
 Bits: [0x0000025e7ab90000, 0x0000025e7ea58000)

Polling page: 0x0000025e6c570000

Metaspace:

Usage:
  Non-class:     66.97 MB used.
      Class:     10.47 MB used.
       Both:     77.44 MB used.

Virtual space:
  Non-class space:      128.00 MB reserved,      67.38 MB ( 53%) committed,  2 nodes.
      Class space:        1.00 GB reserved,      10.81 MB (  1%) committed,  1 nodes.
             Both:        1.12 GB reserved,      78.19 MB (  7%) committed. 

Chunk freelists:
   Non-Class:  12.38 MB
       Class:  5.09 MB
        Both:  17.47 MB

MaxMetaspaceSize: unlimited
CompressedClassSpaceSize: 1.00 GB
Initial GC threshold: 21.00 MB
Current GC threshold: 128.06 MB
CDS: on
 - commit_granule_bytes: 65536.
 - commit_granule_words: 8192.
 - virtual_space_node_default_size: 8388608.
 - enlarge_chunks_in_place: 1.
 - use_allocation_guard: 0.


Internal statistics:

num_allocs_failed_limit: 12.
num_arena_births: 1186.
num_arena_deaths: 0.
num_vsnodes_births: 3.
num_vsnodes_deaths: 0.
num_space_committed: 1251.
num_space_uncommitted: 0.
num_chunks_returned_to_freelist: 12.
num_chunks_taken_from_freelist: 3946.
num_chunk_merges: 9.
num_chunk_splits: 2965.
num_chunks_enlarged: 2396.
num_inconsistent_stats: 0.

CodeCache: size=49152Kb used=14998Kb max_used=15153Kb free=34153Kb
 bounds [0x0000025e762f0000, 0x0000025e771c0000, 0x0000025e792f0000]
 total_blobs=8567 nmethods=7800 adapters=690
 compilation: enabled
              stopped_count=0, restarted_count=0
 full_count=0

Compilation events (20 events):
Event: 1441.297 Thread 0x0000025e7f56e2a0 7901       1       java.io.FilterOutputStream::<init> (21 bytes)
Event: 1441.297 Thread 0x0000025e7f56e2a0 nmethod 7901 0x0000025e76515e10 code [0x0000025e76515fc0, 0x0000025e76516188]
Event: 1446.668 Thread 0x0000025e7f56e2a0 7902       1       java.lang.Integer::toString (55 bytes)
Event: 1446.668 Thread 0x0000025e7f56e2a0 nmethod 7902 0x0000025e76515910 code [0x0000025e76515ac0, 0x0000025e76515d10]
Event: 1450.160 Thread 0x0000025e7f56e2a0 7903       1       com.zaxxer.hikari.pool.PoolBase::setNetworkTimeout (21 bytes)
Event: 1450.160 Thread 0x0000025e7f56e2a0 nmethod 7903 0x0000025e76515590 code [0x0000025e76515740, 0x0000025e76515860]
Event: 1454.903 Thread 0x0000025e7f56e2a0 7904       1       com.zaxxer.hikari.pool.PoolEntry::compareAndSet (10 bytes)
Event: 1454.904 Thread 0x0000025e7f56e2a0 nmethod 7904 0x0000025e76515190 code [0x0000025e76515340, 0x0000025e765154c8]
Event: 1454.904 Thread 0x0000025e7f56e2a0 7905       1       java.util.concurrent.atomic.AtomicIntegerFieldUpdater$AtomicIntegerFieldUpdaterImpl::compareAndSet (19 bytes)
Event: 1454.904 Thread 0x0000025e7f56e2a0 nmethod 7905 0x0000025e76514d90 code [0x0000025e76514f40, 0x0000025e765150a0]
Event: 1465.182 Thread 0x0000025e7f56e2a0 7906       1       org.h2.value.Transfer::readTypeInfo (19 bytes)
Event: 1465.184 Thread 0x0000025e7f56e2a0 nmethod 7906 0x0000025e76514110 code [0x0000025e76514340, 0x0000025e765147a0]
Event: 1465.184 Thread 0x0000025e7f56e2a0 7907       1       org.h2.value.Transfer::readTypeInfo20 (350 bytes)
Event: 1465.186 Thread 0x0000025e7f56e2a0 nmethod 7907 0x0000025e76511190 code [0x0000025e76511600, 0x0000025e76512c90]
Event: 1465.186 Thread 0x0000025e7f56e2a0 7908       1       org.h2.value.TypeInfo::getTypeInfo (1000 bytes)
Event: 1465.187 Thread 0x0000025e7f56e2a0 nmethod 7908 0x0000025e7650ea10 code [0x0000025e7650ee40, 0x0000025e76510d48]
Event: 1481.972 Thread 0x0000025e7f56e2a0 7909       1       jdk.internal.util.ByteArray::getLong (9 bytes)
Event: 1481.972 Thread 0x0000025e7f56e2a0 nmethod 7909 0x0000025e7650e510 code [0x0000025e7650e6c0, 0x0000025e7650e810]
Event: 1481.972 Thread 0x0000025e7f56e2a0 7910       1       java.lang.invoke.VarHandleByteArrayAsLongs$ArrayHandle::get (36 bytes)
Event: 1481.973 Thread 0x0000025e7f56e2a0 nmethod 7910 0x0000025e7650df90 code [0x0000025e7650e140, 0x0000025e7650e338]

GC Heap History (20 events):
Event: 4.171 GC heap before
{Heap before GC invocations=15 (full 0):
 garbage-first heap   total 96256K, used 57093K [0x0000000704e00000, 0x0000000800000000)
  region size 2048K, 19 young (38912K), 2 survivors (4096K)
 Metaspace       used 45950K, committed 46528K, reserved 1114112K
  class space    used 6242K, committed 6528K, reserved 1048576K
}
Event: 4.174 GC heap after
{Heap after GC invocations=16 (full 0):
 garbage-first heap   total 96256K, used 25736K [0x0000000704e00000, 0x0000000800000000)
  region size 2048K, 3 young (6144K), 3 survivors (6144K)
 Metaspace       used 45950K, committed 46528K, reserved 1114112K
  class space    used 6242K, committed 6528K, reserved 1048576K
}
Event: 4.435 GC heap before
{Heap before GC invocations=17 (full 0):
 garbage-first heap   total 96256K, used 74888K [0x0000000704e00000, 0x0000000800000000)
  region size 2048K, 28 young (57344K), 3 survivors (6144K)
 Metaspace       used 51486K, committed 52096K, reserved 1114112K
  class space    used 7063K, committed 7360K, reserved 1048576K
}
Event: 4.438 GC heap after
{Heap after GC invocations=18 (full 0):
 garbage-first heap   total 96256K, used 27347K [0x0000000704e00000, 0x0000000800000000)
  region size 2048K, 3 young (6144K), 3 survivors (6144K)
 Metaspace       used 51486K, committed 52096K, reserved 1114112K
  class space    used 7063K, committed 7360K, reserved 1048576K
}
Event: 4.713 GC heap before
{Heap before GC invocations=18 (full 0):
 garbage-first heap   total 96256K, used 76499K [0x0000000704e00000, 0x0000000800000000)
  region size 2048K, 28 young (57344K), 3 survivors (6144K)
 Metaspace       used 55533K, committed 56192K, reserved 1114112K
  class space    used 7754K, committed 8064K, reserved 1048576K
}
Event: 4.716 GC heap after
{Heap after GC invocations=19 (full 0):
 garbage-first heap   total 116736K, used 28028K [0x0000000704e00000, 0x0000000800000000)
  region size 2048K, 3 young (6144K), 3 survivors (6144K)
 Metaspace       used 55533K, committed 56192K, reserved 1114112K
  class space    used 7754K, committed 8064K, reserved 1048576K
}
Event: 5.110 GC heap before
{Heap before GC invocations=19 (full 0):
 garbage-first heap   total 116736K, used 91516K [0x0000000704e00000, 0x0000000800000000)
  region size 2048K, 34 young (69632K), 3 survivors (6144K)
 Metaspace       used 61221K, committed 61824K, reserved 1114112K
  class space    used 8496K, committed 8768K, reserved 1048576K
}
Event: 5.114 GC heap after
{Heap after GC invocations=20 (full 0):
 garbage-first heap   total 116736K, used 30496K [0x0000000704e00000, 0x0000000800000000)
  region size 2048K, 4 young (8192K), 4 survivors (8192K)
 Metaspace       used 61221K, committed 61824K, reserved 1114112K
  class space    used 8496K, committed 8768K, reserved 1048576K
}
Event: 5.543 GC heap before
{Heap before GC invocations=20 (full 0):
 garbage-first heap   total 116736K, used 91936K [0x0000000704e00000, 0x0000000800000000)
  region size 2048K, 34 young (69632K), 4 survivors (8192K)
 Metaspace       used 65278K, committed 66048K, reserved 1114112K
  class space    used 9136K, committed 9472K, reserved 1048576K
}
Event: 5.550 GC heap after
{Heap after GC invocations=21 (full 0):
 garbage-first heap   total 116736K, used 34485K [0x0000000704e00000, 0x0000000800000000)
  region size 2048K, 5 young (10240K), 5 survivors (10240K)
 Metaspace       used 65278K, committed 66048K, reserved 1114112K
  class space    used 9136K, committed 9472K, reserved 1048576K
}
Event: 5.827 GC heap before
{Heap before GC invocations=21 (full 0):
 garbage-first heap   total 116736K, used 93877K [0x0000000704e00000, 0x0000000800000000)
  region size 2048K, 34 young (69632K), 5 survivors (10240K)
 Metaspace       used 70491K, committed 71232K, reserved 1114112K
  class space    used 9643K, committed 9984K, reserved 1048576K
}
Event: 5.833 GC heap after
{Heap after GC invocations=22 (full 0):
 garbage-first heap   total 116736K, used 35614K [0x0000000704e00000, 0x0000000800000000)
  region size 2048K, 3 young (6144K), 3 survivors (6144K)
 Metaspace       used 70491K, committed 71232K, reserved 1114112K
  class space    used 9643K, committed 9984K, reserved 1048576K
}
Event: 6.097 GC heap before
{Heap before GC invocations=22 (full 0):
 garbage-first heap   total 116736K, used 99102K [0x0000000704e00000, 0x0000000800000000)
  region size 2048K, 34 young (69632K), 3 survivors (6144K)
 Metaspace       used 76322K, committed 77120K, reserved 1179648K
  class space    used 10226K, committed 10560K, reserved 1048576K
}
Event: 6.101 GC heap after
{Heap after GC invocations=23 (full 0):
 garbage-first heap   total 141312K, used 36636K [0x0000000704e00000, 0x0000000800000000)
  region size 2048K, 4 young (8192K), 4 survivors (8192K)
 Metaspace       used 76322K, committed 77120K, reserved 1179648K
  class space    used 10226K, committed 10560K, reserved 1048576K
}
Event: 41.088 GC heap before
{Heap before GC invocations=23 (full 0):
 garbage-first heap   total 141312K, used 53020K [0x0000000704e00000, 0x0000000800000000)
  region size 2048K, 13 young (26624K), 4 survivors (8192K)
 Metaspace       used 77590K, committed 78336K, reserved 1179648K
  class space    used 10468K, committed 10816K, reserved 1048576K
}
Event: 41.093 GC heap after
{Heap after GC invocations=24 (full 0):
 garbage-first heap   total 141312K, used 37095K [0x0000000704e00000, 0x0000000800000000)
  region size 2048K, 4 young (8192K), 4 survivors (8192K)
 Metaspace       used 77590K, committed 78336K, reserved 1179648K
  class space    used 10468K, committed 10816K, reserved 1048576K
}
Event: 453.261 GC heap before
{Heap before GC invocations=25 (full 0):
 garbage-first heap   total 141312K, used 110823K [0x0000000704e00000, 0x0000000800000000)
  region size 2048K, 41 young (83968K), 4 survivors (8192K)
 Metaspace       used 79260K, committed 80064K, reserved 1179648K
  class space    used 10721K, committed 11072K, reserved 1048576K
}
Event: 453.265 GC heap after
{Heap after GC invocations=26 (full 0):
 garbage-first heap   total 141312K, used 37331K [0x0000000704e00000, 0x0000000800000000)
  region size 2048K, 2 young (4096K), 2 survivors (4096K)
 Metaspace       used 79260K, committed 80064K, reserved 1179648K
  class space    used 10721K, committed 11072K, reserved 1048576K
}
Event: 1188.594 GC heap before
{Heap before GC invocations=26 (full 0):
 garbage-first heap   total 141312K, used 117203K [0x0000000704e00000, 0x0000000800000000)
  region size 2048K, 41 young (83968K), 2 survivors (4096K)
 Metaspace       used 79273K, committed 80064K, reserved 1179648K
  class space    used 10725K, committed 11072K, reserved 1048576K
}
Event: 1188.605 GC heap after
{Heap after GC invocations=27 (full 0):
 garbage-first heap   total 141312K, used 36780K [0x0000000704e00000, 0x0000000800000000)
  region size 2048K, 2 young (4096K), 2 survivors (4096K)
 Metaspace       used 79273K, committed 80064K, reserved 1179648K
  class space    used 10725K, committed 11072K, reserved 1048576K
}

Dll operation events (12 events):
Event: 0.019 Loaded shared library C:\Program Files\openjdk-21.0.2\jdk-21.0.2\bin\java.dll
Event: 0.191 Loaded shared library C:\Program Files\openjdk-21.0.2\jdk-21.0.2\bin\zip.dll
Event: 0.194 Loaded shared library C:\Program Files\openjdk-21.0.2\jdk-21.0.2\bin\instrument.dll
Event: 0.199 Loaded shared library C:\Program Files\openjdk-21.0.2\jdk-21.0.2\bin\net.dll
Event: 0.201 Loaded shared library C:\Program Files\openjdk-21.0.2\jdk-21.0.2\bin\nio.dll
Event: 0.203 Loaded shared library C:\Program Files\openjdk-21.0.2\jdk-21.0.2\bin\zip.dll
Event: 0.312 Loaded shared library C:\Program Files\openjdk-21.0.2\jdk-21.0.2\bin\jimage.dll
Event: 0.351 Loaded shared library C:\Program Files\openjdk-21.0.2\jdk-21.0.2\bin\management.dll
Event: 0.362 Loaded shared library C:\Program Files\openjdk-21.0.2\jdk-21.0.2\bin\management_ext.dll
Event: 0.542 Loaded shared library C:\Program Files\openjdk-21.0.2\jdk-21.0.2\bin\extnet.dll
Event: 0.564 Loaded shared library C:\Program Files\openjdk-21.0.2\jdk-21.0.2\bin\verify.dll
Event: 1.350 Loaded shared library C:\Program Files\openjdk-21.0.2\jdk-21.0.2\bin\sunmscapi.dll

Deoptimization events (20 events):
Event: 606.116 Thread 0x0000025e4a3168c0 DEOPT UNPACKING pc=0x0000025e763488e2 sp=0x000000990d9fdf68 mode 1
Event: 606.116 Thread 0x0000025e4a313ad0 DEOPT UNPACKING pc=0x0000025e763488e2 sp=0x000000990ddfd948 mode 1
Event: 906.120 Thread 0x0000025e4a314e80 DEOPT PACKING pc=0x0000025e77131f4c sp=0x000000990e0fe890
Event: 906.120 Thread 0x0000025e4735b5d0 DEOPT PACKING pc=0x0000025e77131f4c sp=0x000000990e1fe970
Event: 906.120 Thread 0x0000025e4735b5d0 DEOPT UNPACKING pc=0x0000025e763488e2 sp=0x000000990e1fdea8 mode 1
Event: 906.120 Thread 0x0000025e4a314e80 DEOPT UNPACKING pc=0x0000025e763488e2 sp=0x000000990e0fddc8 mode 1
Event: 906.120 Thread 0x0000025e4a314e80 DEOPT PACKING pc=0x0000025e764ddca4 sp=0x000000990e0fe990
Event: 906.120 Thread 0x0000025e4735b5d0 DEOPT PACKING pc=0x0000025e764ddca4 sp=0x000000990e1fea70
Event: 906.120 Thread 0x0000025e4a314e80 DEOPT UNPACKING pc=0x0000025e763488e2 sp=0x000000990e0fdf78 mode 1
Event: 906.120 Thread 0x0000025e4735b5d0 DEOPT UNPACKING pc=0x0000025e763488e2 sp=0x000000990e1fe058 mode 1
Event: 1206.123 Thread 0x0000025e4a314e80 DEOPT PACKING pc=0x0000025e77131f4c sp=0x000000990e0fe890
Event: 1206.123 Thread 0x0000025e4735b5d0 DEOPT PACKING pc=0x0000025e77131f4c sp=0x000000990e1fe970
Event: 1206.123 Thread 0x0000025e4a314e80 DEOPT UNPACKING pc=0x0000025e763488e2 sp=0x000000990e0fddc8 mode 1
Event: 1206.123 Thread 0x0000025e4735b5d0 DEOPT UNPACKING pc=0x0000025e763488e2 sp=0x000000990e1fdea8 mode 1
Event: 1206.123 Thread 0x0000025e4a314e80 DEOPT PACKING pc=0x0000025e764ddca4 sp=0x000000990e0fe990
Event: 1206.123 Thread 0x0000025e4a314e80 DEOPT UNPACKING pc=0x0000025e763488e2 sp=0x000000990e0fdf78 mode 1
Event: 1206.123 Thread 0x0000025e4735b5d0 DEOPT PACKING pc=0x0000025e764ddca4 sp=0x000000990e1fea70
Event: 1206.123 Thread 0x0000025e4735b5d0 DEOPT UNPACKING pc=0x0000025e763488e2 sp=0x000000990e1fe058 mode 1
Event: 1486.675 Thread 0x0000025e4a316f50 DEOPT PACKING pc=0x0000025e770cc6bc sp=0x000000990dbfde70
Event: 1486.675 Thread 0x0000025e4a316f50 DEOPT UNPACKING pc=0x0000025e763488e2 sp=0x000000990dbfd318 mode 0

Classes loaded (20 events):
Event: 65.514 Loading class java/lang/invoke/BoundMethodHandle$Species_LLLLLLLLLLL
Event: 65.514 Loading class java/lang/invoke/BoundMethodHandle$Species_LLLLLLLLLLL done
Event: 78.322 Loading class java/io/UTFDataFormatException
Event: 78.322 Loading class java/io/UTFDataFormatException done
Event: 78.322 Loading class java/nio/charset/MalformedInputException
Event: 78.322 Loading class java/nio/charset/MalformedInputException done
Event: 78.323 Loading class java/util/IllegalFormatException
Event: 78.323 Loading class java/util/IllegalFormatException done
Event: 78.345 Loading class sun/reflect/annotation/AnnotationSupport
Event: 78.345 Loading class sun/reflect/annotation/AnnotationSupport done
Event: 78.353 Loading class java/math/MathContext
Event: 78.353 Loading class java/math/MathContext done
Event: 78.367 Loading class java/util/TreeMap$EntrySpliterator
Event: 78.368 Loading class java/util/TreeMap$EntrySpliterator done
Event: 78.373 Loading class java/util/concurrent/LinkedBlockingQueue$LBQSpliterator
Event: 78.373 Loading class java/util/concurrent/LinkedBlockingQueue$LBQSpliterator done
Event: 191.396 Loading class java/util/concurrent/ConcurrentHashMap$TreeBin
Event: 191.396 Loading class java/util/concurrent/ConcurrentHashMap$TreeBin done
Event: 546.293 Loading class java/util/ArrayDeque$DescendingIterator
Event: 546.293 Loading class java/util/ArrayDeque$DescendingIterator done

Classes unloaded (0 events):
No events

Classes redefined (1 events):
Event: 1486.700 Thread 0x0000025e7f51ad70 redefined class name=com.nl.kafka.service.impl.KafkaConsumerServiceImpl, count=1

Internal exceptions (20 events):
Event: 5.538 Thread 0x0000025e6de676b0 Exception <a 'java/lang/NoSuchMethodError'{0x0000000708549b68}: 'long java.lang.invoke.DelegatingMethodHandle$Holder.reinvoke_L(java.lang.Object, java.lang.Object)'> (0x0000000708549b68) 
thrown [s\open\src\hotspot\share\interpreter\linkResolver.cpp, line 773]
Event: 5.538 Thread 0x0000025e6de676b0 Exception <a 'java/lang/NoSuchMethodError'{0x0000000708553980}: 'long java.lang.invoke.DirectMethodHandle$Holder.invokeStatic(java.lang.Object, java.lang.Object, int)'> (0x0000000708553980) 
thrown [s\open\src\hotspot\share\interpreter\linkResolver.cpp, line 773]
Event: 5.538 Thread 0x0000025e6de676b0 Exception <a 'java/lang/NoSuchMethodError'{0x000000070855d818}: 'void java.lang.invoke.DelegatingMethodHandle$Holder.reinvoke_L(java.lang.Object, java.lang.Object, long)'> (0x000000070855d818) 
thrown [s\open\src\hotspot\share\interpreter\linkResolver.cpp, line 773]
Event: 5.539 Thread 0x0000025e6de676b0 Exception <a 'java/lang/NoSuchMethodError'{0x0000000708577130}: 'float java.lang.invoke.DirectMethodHandle$Holder.invokeVirtual(java.lang.Object, java.lang.Object)'> (0x0000000708577130) 
thrown [s\open\src\hotspot\share\interpreter\linkResolver.cpp, line 773]
Event: 5.539 Thread 0x0000025e6de676b0 Exception <a 'java/lang/NoSuchMethodError'{0x000000070857e018}: 'float java.lang.invoke.DelegatingMethodHandle$Holder.reinvoke_L(java.lang.Object, java.lang.Object)'> (0x000000070857e018) 
thrown [s\open\src\hotspot\share\interpreter\linkResolver.cpp, line 773]
Event: 5.540 Thread 0x0000025e6de676b0 Exception <a 'java/lang/NoSuchMethodError'{0x000000070858f3f8}: 'float java.lang.invoke.DelegatingMethodHandle$Holder.reinvoke_L(java.lang.Object, java.lang.Object, int)'> (0x000000070858f3f8) 
thrown [s\open\src\hotspot\share\interpreter\linkResolver.cpp, line 773]
Event: 5.540 Thread 0x0000025e6de676b0 Exception <a 'java/lang/NoSuchMethodError'{0x0000000708598dc8}: 'void java.lang.invoke.DelegatingMethodHandle$Holder.reinvoke_L(java.lang.Object, java.lang.Object, float)'> (0x0000000708598dc8) 
thrown [s\open\src\hotspot\share\interpreter\linkResolver.cpp, line 773]
Event: 5.571 Thread 0x0000025e6de676b0 Exception <a 'java/lang/NoSuchMethodError'{0x000000070ce9fd40}: 'java.lang.Object java.lang.invoke.DirectMethodHandle$Holder.newInvokeSpecial(java.lang.Object, java.lang.Object, int, java.lang.Object, java.lang.Object)'> (0x000000070ce9fd40) 
thrown [s\open\src\hotspot\share\interpreter\linkResolver.cpp, line 773]
Event: 6.035 Thread 0x0000025e4a316f50 Exception <a 'java/lang/NoSuchMethodError'{0x0000000708c63fc0}: 'int java.lang.invoke.DirectMethodHandle$Holder.invokeSpecial(java.lang.Object, java.lang.Object, long, java.lang.Object)'> (0x0000000708c63fc0) 
thrown [s\open\src\hotspot\share\interpreter\linkResolver.cpp, line 773]
Event: 6.035 Thread 0x0000025e4a3168c0 Exception <a 'java/lang/NoSuchMethodError'{0x00000007095a2378}: 'int java.lang.invoke.DirectMethodHandle$Holder.invokeSpecial(java.lang.Object, java.lang.Object, long, java.lang.Object)'> (0x00000007095a2378) 
thrown [s\open\src\hotspot\share\interpreter\linkResolver.cpp, line 773]
Event: 6.035 Thread 0x0000025e4a313ad0 Exception <a 'java/lang/NoSuchMethodError'{0x0000000708cf88d0}: 'java.lang.Object java.lang.invoke.DirectMethodHandle$Holder.newInvokeSpecial(java.lang.Object, java.lang.Object, long)'> (0x0000000708cf88d0) 
thrown [s\open\src\hotspot\share\interpreter\linkResolver.cpp, line 773]
Event: 6.035 Thread 0x0000025e4a316f50 Exception <a 'java/lang/NoSuchMethodError'{0x0000000708c695c8}: 'java.lang.Object java.lang.invoke.DirectMethodHandle$Holder.newInvokeSpecial(java.lang.Object, java.lang.Object, long)'> (0x0000000708c695c8) 
thrown [s\open\src\hotspot\share\interpreter\linkResolver.cpp, line 773]
Event: 41.047 Thread 0x0000025e4a3168c0 Exception <a 'java/lang/NoSuchMethodError'{0x000000070cfb3cc0}: 'java.lang.Object java.lang.invoke.DirectMethodHandle$Holder.invokeVirtual(java.lang.Object, java.lang.Object, int)'> (0x000000070cfb3cc0) 
thrown [s\open\src\hotspot\share\interpreter\linkResolver.cpp, line 773]
Event: 41.047 Thread 0x0000025e4a316f50 Exception <a 'java/lang/NoSuchMethodError'{0x000000070cd370f0}: 'java.lang.Object java.lang.invoke.DirectMethodHandle$Holder.invokeVirtual(java.lang.Object, java.lang.Object, int)'> (0x000000070cd370f0) 
thrown [s\open\src\hotspot\share\interpreter\linkResolver.cpp, line 773]
Event: 41.047 Thread 0x0000025e4a313ad0 Exception <a 'java/lang/NoSuchMethodError'{0x000000070cd160a8}: 'java.lang.Object java.lang.invoke.DirectMethodHandle$Holder.invokeVirtual(java.lang.Object, java.lang.Object, int)'> (0x000000070cd160a8) 
thrown [s\open\src\hotspot\share\interpreter\linkResolver.cpp, line 773]
Event: 41.062 Thread 0x0000025e4a316f50 Exception <a 'java/lang/NoSuchMethodError'{0x000000070cb82c10}: 'java.lang.Object java.lang.invoke.DirectMethodHandle$Holder.newInvokeSpecial(java.lang.Object, int, java.lang.Object, java.lang.Object)'> (0x000000070cb82c10) 
thrown [s\open\src\hotspot\share\interpreter\linkResolver.cpp, line 773]
Event: 41.070 Thread 0x0000025e4a316f50 Exception <a 'java/lang/IncompatibleClassChangeError'{0x000000070c832648}: Found class java.lang.Object, but interface was expected> (0x000000070c832648) 
thrown [s\open\src\hotspot\share\interpreter\linkResolver.cpp, line 840]
Event: 65.514 Thread 0x0000025e4a316f50 Exception <a 'java/lang/NoSuchMethodError'{0x000000070cbbd940}: 'java.lang.Object java.lang.invoke.DirectMethodHandle$Holder.invokeStatic(java.lang.Object, java.lang.Object, java.lang.Object, java.lang.Object, java.lang.Object, java.lang.Object, java.lang.Object, java.lang.Object, java.lang.Object, java.lang.Object, java.lang.Object, java.lang.Object, java.lang.Object)'> (0x000000070cbbd940) 
thrown [s\open\src\hotspot\share\interpreter\linkResolver.cpp, line 773]
Event: 65.515 Thread 0x0000025e4a316f50 Exception <a 'java/lang/NoSuchMethodError'{0x000000070cbdb510}: 'java.lang.Object java.lang.invoke.DirectMethodHandle$Holder.invokeStatic(java.lang.Object, java.lang.Object, java.lang.Object, java.lang.Object, java.lang.Object, java.lang.Object, java.lang.Object, java.lang.Object, java.lang.Object, java.lang.Object, java.lang.Object, java.lang.Object, java.lang.Object, java.lang.Object)'> (0x000000070cbdb510) 
thrown [s\open\src\hotspot\share\interpreter\linkResolver.cpp, line 773]
Event: 65.515 Thread 0x0000025e4a316f50 Exception <a 'java/lang/NoSuchMethodError'{0x000000070cbf15c8}: 'java.lang.Object java.lang.invoke.Invokers$Holder.linkToTargetMethod(java.lang.Object, java.lang.Object, java.lang.Object, java.lang.Object, java.lang.Object, java.lang.Object, java.lang.Object, java.lang.Object, java.lang.Object, java.lang.Object, java.lang.Object, java.lang.Object, java.lang.Object, java.lang.Object, java.lang.Object, java.lang.Object, java.lang.Object)'> (0x000000070cbf15c8) 
thrown [s\open\src\hotspot\share\interpreter\li

ZGC Phase Switch (0 events):
No events

VM Operations (20 events):
Event: 1486.738 Executing VM operation: ChangeBreakpoints
Event: 1486.740 Executing VM operation: ChangeBreakpoints done
Event: 1486.759 Executing VM operation: ChangeBreakpoints
Event: 1486.761 Executing VM operation: ChangeBreakpoints done
Event: 1486.782 Executing VM operation: ChangeBreakpoints
Event: 1486.785 Executing VM operation: ChangeBreakpoints done
Event: 1486.806 Executing VM operation: ChangeBreakpoints
Event: 1486.808 Executing VM operation: ChangeBreakpoints done
Event: 1486.823 Executing VM operation: ChangeBreakpoints
Event: 1486.826 Executing VM operation: ChangeBreakpoints done
Event: 1486.845 Executing VM operation: ChangeBreakpoints
Event: 1486.847 Executing VM operation: ChangeBreakpoints done
Event: 1486.866 Executing VM operation: ChangeBreakpoints
Event: 1486.869 Executing VM operation: ChangeBreakpoints done
Event: 1486.888 Executing VM operation: ChangeBreakpoints
Event: 1486.890 Executing VM operation: ChangeBreakpoints done
Event: 1486.909 Executing VM operation: ChangeBreakpoints
Event: 1486.911 Executing VM operation: ChangeBreakpoints done
Event: 1486.913 Executing VM operation: ChangeSingleStep
Event: 1486.913 Executing VM operation: ChangeSingleStep done

Events (20 events):
Event: 78.373 Thread 0x0000025e7f6a91d0 Thread added: 0x0000025e7f6a91d0
Event: 78.373 Thread 0x0000025e7f6a7100 Thread added: 0x0000025e7f6a7100
Event: 78.374 Thread 0x0000025e4735e3c0 Thread exited: 0x0000025e4735e3c0
Event: 78.374 Thread 0x0000025e4735dd30 Thread exited: 0x0000025e4735dd30
Event: 78.374 Thread 0x0000025e48b910e0 Thread exited: 0x0000025e48b910e0
Event: 78.374 Thread 0x0000025e7f6a63e0 Thread exited: 0x0000025e7f6a63e0
Event: 78.374 Thread 0x0000025e4735bc60 Thread exited: 0x0000025e4735bc60
Event: 78.374 Thread 0x0000025e4735c980 Thread exited: 0x0000025e4735c980
Event: 78.375 Thread 0x0000025e4735af40 Thread exited: 0x0000025e4735af40
Event: 78.376 Thread 0x0000025e47289a40 Thread added: 0x0000025e47289a40
Event: 78.376 Thread 0x0000025e47277aa0 Thread added: 0x0000025e47277aa0
Event: 78.377 Thread 0x0000025e7f6a91d0 Thread exited: 0x0000025e7f6a91d0
Event: 78.377 Thread 0x0000025e7f6a7100 Thread exited: 0x0000025e7f6a7100
Event: 80.105 Thread 0x0000025e47277aa0 Thread exited: 0x0000025e47277aa0
Event: 82.467 Thread 0x0000025e47289a40 Thread exited: 0x0000025e47289a40
Event: 90.996 Thread 0x0000025e47ade960 Thread exited: 0x0000025e47ade960
Event: 1454.905 Thread 0x0000025e4735dd30 Thread added: 0x0000025e4735dd30
Event: 1454.908 Thread 0x0000025e4735e3c0 Thread added: 0x0000025e4735e3c0
Event: 1459.916 Thread 0x0000025e4735dd30 Thread exited: 0x0000025e4735dd30
Event: 1459.962 Thread 0x0000025e4735e3c0 Thread exited: 0x0000025e4735e3c0


Dynamic libraries:
0x00007ff72d800000 - 0x00007ff72d80e000 	C:\Program Files\openjdk-21.0.2\jdk-21.0.2\bin\javaw.exe
0x00007ffcf6350000 - 0x00007ffcf6567000 	C:\Windows\SYSTEM32\ntdll.dll
0x00007ffcf4c70000 - 0x00007ffcf4d34000 	C:\Windows\System32\KERNEL32.DLL
0x00007ffcf3930000 - 0x00007ffcf3d02000 	C:\Windows\System32\KERNELBASE.dll
0x00007ffcf3810000 - 0x00007ffcf3921000 	C:\Windows\System32\ucrtbase.dll
0x00007ffcd25f0000 - 0x00007ffcd2608000 	C:\Program Files\openjdk-21.0.2\jdk-21.0.2\bin\jli.dll
0x00007ffcd25d0000 - 0x00007ffcd25eb000 	C:\Program Files\openjdk-21.0.2\jdk-21.0.2\bin\VCRUNTIME140.dll
0x00007ffcf41f0000 - 0x00007ffcf43a1000 	C:\Windows\System32\USER32.dll
0x00007ffcf3f30000 - 0x00007ffcf3f56000 	C:\Windows\System32\win32u.dll
0x00007ffcd62e0000 - 0x00007ffcd657b000 	C:\Windows\WinSxS\amd64_microsoft.windows.common-controls_6595b64144ccf1df_6.0.22621.5415_none_270d77d17387d7da\COMCTL32.dll
0x00007ffcf4510000 - 0x00007ffcf4539000 	C:\Windows\System32\GDI32.dll
0x00007ffcf6260000 - 0x00007ffcf6307000 	C:\Windows\System32\msvcrt.dll
0x00007ffcf3620000 - 0x00007ffcf3743000 	C:\Windows\System32\gdi32full.dll
0x00007ffcf3440000 - 0x00007ffcf34da000 	C:\Windows\System32\msvcp_win.dll
0x00007ffcf5fa0000 - 0x00007ffcf5fd1000 	C:\Windows\System32\IMM32.DLL
0x0000025e6c590000 - 0x0000025e6c5a6000 	C:\Windows\System32\umppc19706.dll
0x0000025e6dd80000 - 0x0000025e6dd93000 	C:\Windows\System32\CsXumd64_19706.dll
0x00007ffcd25c0000 - 0x00007ffcd25cc000 	C:\Program Files\openjdk-21.0.2\jdk-21.0.2\bin\vcruntime140_1.dll
0x00007ffcb0f90000 - 0x00007ffcb101e000 	C:\Program Files\openjdk-21.0.2\jdk-21.0.2\bin\msvcp140.dll
0x00007ffc943d0000 - 0x00007ffc950e7000 	C:\Program Files\openjdk-21.0.2\jdk-21.0.2\bin\server\jvm.dll
0x00007ffcf4f00000 - 0x00007ffcf4fb1000 	C:\Windows\System32\ADVAPI32.dll
0x00007ffcf3fe0000 - 0x00007ffcf4088000 	C:\Windows\System32\sechost.dll
0x00007ffcf3d10000 - 0x00007ffcf3d38000 	C:\Windows\System32\bcrypt.dll
0x00007ffcf6060000 - 0x00007ffcf6174000 	C:\Windows\System32\RPCRT4.dll
0x00007ffcf5fe0000 - 0x00007ffcf6051000 	C:\Windows\System32\WS2_32.dll
0x00007ffcf3310000 - 0x00007ffcf335d000 	C:\Windows\SYSTEM32\POWRPROF.dll
0x00007ffced6d0000 - 0x00007ffced704000 	C:\Windows\SYSTEM32\WINMM.dll
0x00007ffce68a0000 - 0x00007ffce68aa000 	C:\Windows\SYSTEM32\VERSION.dll
0x00007ffcf3240000 - 0x00007ffcf3253000 	C:\Windows\SYSTEM32\UMPDC.dll
0x00007ffcf2350000 - 0x00007ffcf2368000 	C:\Windows\SYSTEM32\kernel.appcore.dll
0x00007ffcd24c0000 - 0x00007ffcd24ca000 	C:\Program Files\openjdk-21.0.2\jdk-21.0.2\bin\jimage.dll
0x00007ffcf0be0000 - 0x00007ffcf0e13000 	C:\Windows\SYSTEM32\DBGHELP.DLL
0x00007ffcf4650000 - 0x00007ffcf49e3000 	C:\Windows\System32\combase.dll
0x00007ffcf6180000 - 0x00007ffcf6257000 	C:\Windows\System32\OLEAUT32.dll
0x00007ffcd0100000 - 0x00007ffcd0132000 	C:\Windows\SYSTEM32\dbgcore.DLL
0x00007ffcf3eb0000 - 0x00007ffcf3f2b000 	C:\Windows\System32\bcryptPrimitives.dll
0x00007ffce4190000 - 0x00007ffce41cc000 	C:\Program Files\openjdk-21.0.2\jdk-21.0.2\bin\jdwp.dll
0x00007ffce4180000 - 0x00007ffce418f000 	C:\Program Files\openjdk-21.0.2\jdk-21.0.2\bin\instrument.dll
0x00007ffcd2480000 - 0x00007ffcd249f000 	C:\Program Files\openjdk-21.0.2\jdk-21.0.2\bin\java.dll
0x00007ffcf4fc0000 - 0x00007ffcf5862000 	C:\Windows\System32\SHELL32.dll
0x00007ffcf34e0000 - 0x00007ffcf361f000 	C:\Windows\System32\wintypes.dll
0x00007ffcf11a0000 - 0x00007ffcf1abe000 	C:\Windows\SYSTEM32\windows.storage.dll
0x00007ffcf4540000 - 0x00007ffcf464b000 	C:\Windows\System32\SHCORE.dll
0x00007ffcf5f30000 - 0x00007ffcf5f99000 	C:\Windows\System32\shlwapi.dll
0x00007ffcf3370000 - 0x00007ffcf339b000 	C:\Windows\SYSTEM32\profapi.dll
0x00007ffce40e0000 - 0x00007ffce40ec000 	C:\Program Files\openjdk-21.0.2\jdk-21.0.2\bin\dt_socket.dll
0x00007ffcf1be0000 - 0x00007ffcf1c0d000 	C:\Windows\SYSTEM32\IPHLPAPI.DLL
0x00007ffcf28f0000 - 0x00007ffcf2959000 	C:\Windows\system32\mswsock.dll
0x00007ffcf1c10000 - 0x00007ffcf1d08000 	C:\Windows\SYSTEM32\DNSAPI.dll
0x00007ffcf4d40000 - 0x00007ffcf4d49000 	C:\Windows\System32\NSI.dll
0x00007ffceecb0000 - 0x00007ffceecba000 	C:\Windows\System32\rasadhlp.dll
0x00007ffcef110000 - 0x00007ffcef194000 	C:\Windows\System32\fwpuclnt.dll
0x00007ffca5b90000 - 0x00007ffca5ba8000 	C:\Program Files\openjdk-21.0.2\jdk-21.0.2\bin\zip.dll
0x00007ffccc200000 - 0x00007ffccc210000 	C:\Program Files\openjdk-21.0.2\jdk-21.0.2\bin\net.dll
0x00007ffcf2370000 - 0x00007ffcf249c000 	C:\Windows\SYSTEM32\WINHTTP.dll
0x00007ffca5bb0000 - 0x00007ffca5bc6000 	C:\Program Files\openjdk-21.0.2\jdk-21.0.2\bin\nio.dll
0x00007ffcc7e00000 - 0x00007ffcc7e0a000 	C:\Program Files\openjdk-21.0.2\jdk-21.0.2\bin\management.dll
0x00007ffcc30e0000 - 0x00007ffcc30eb000 	C:\Program Files\openjdk-21.0.2\jdk-21.0.2\bin\management_ext.dll
0x00007ffcf5990000 - 0x00007ffcf5998000 	C:\Windows\System32\PSAPI.DLL
0x00007ffcc8740000 - 0x00007ffcc8757000 	C:\Windows\system32\napinsp.dll
0x00007ffcc8760000 - 0x00007ffcc877b000 	C:\Windows\system32\pnrpnsp.dll
0x00007ffcc8780000 - 0x00007ffcc8791000 	C:\Windows\System32\winrnr.dll
0x00007ffcc87a0000 - 0x00007ffcc87bf000 	C:\Windows\system32\wshbth.dll
0x00007ffcc8de0000 - 0x00007ffcc8e01000 	C:\Windows\system32\nlansp_c.dll
0x00007ffcf2bf0000 - 0x00007ffcf2c0b000 	C:\Windows\SYSTEM32\CRYPTSP.dll
0x00007ffcf22b0000 - 0x00007ffcf22e7000 	C:\Windows\system32\rsaenh.dll
0x00007ffcf2990000 - 0x00007ffcf29b8000 	C:\Windows\SYSTEM32\USERENV.dll
0x00007ffcf2bd0000 - 0x00007ffcf2bdc000 	C:\Windows\SYSTEM32\CRYPTBASE.dll
0x00007ffcb3b90000 - 0x00007ffcb3b99000 	C:\Program Files\openjdk-21.0.2\jdk-21.0.2\bin\extnet.dll
0x00007ffcb3ad0000 - 0x00007ffcb3ae0000 	C:\Program Files\openjdk-21.0.2\jdk-21.0.2\bin\verify.dll
0x00007ffcb1020000 - 0x00007ffcb102e000 	C:\Program Files\openjdk-21.0.2\jdk-21.0.2\bin\sunmscapi.dll
0x00007ffcf3d40000 - 0x00007ffcf3ea7000 	C:\Windows\System32\CRYPT32.dll
0x00007ffcf2d00000 - 0x00007ffcf2d2d000 	C:\Windows\SYSTEM32\ncrypt.dll
0x00007ffcf2cc0000 - 0x00007ffcf2cf7000 	C:\Windows\SYSTEM32\NTASN1.dll
0x00007ffc68700000 - 0x00007ffc68708000 	C:\Windows\system32\wshunix.dll

dbghelp: loaded successfully - version: 4.0.5 - missing functions: none
symbol engine: initialized successfully - sym options: 0x614 - pdb path: .;C:\Program Files\openjdk-21.0.2\jdk-21.0.2\bin;C:\Windows\SYSTEM32;C:\Windows\WinSxS\amd64_microsoft.windows.common-controls_6595b64144ccf1df_6.0.22621.5415_none_270d77d17387d7da;C:\Program Files\openjdk-21.0.2\jdk-21.0.2\bin\server

VM Arguments:
jvm_args: -XX:+ShowCodeDetailsInExceptionMessages -agentlib:jdwp=transport=dt_socket,suspend=y,address=localhost:62391 -Dcom.sun.management.jmxremote -Dcom.sun.management.jmxremote.port=62389 -Dcom.sun.management.jmxremote.authenticate=false -Dcom.sun.management.jmxremote.ssl=false -Djava.rmi.server.hostname=localhost -Dspring.jmx.enabled=true -Dmanagement.endpoints.jmx.exposure.include=* -Dspring.application.admin.enabled=true -Dspring.output.ansi.enabled=always -XX:TieredStopAtLevel=1 -Dspring.boot.project.name=consumer_kafka -javaagent:D:\spring-tools-for-eclipse-4.31.0.RELEASE\sts-4.31.0.RELEASE\configuration\org.eclipse.osgi\273\0\.cp\lib\javaagent-shaded.jar -Dfile.encoding=UTF-8 -Dstdout.encoding=UTF-8 -Dstderr.encoding=UTF-8 
java_command: com.nl.kafka.ConsumerKafkaApplication
java_class_path (initial): D:\workspace\sts\consumer_kafka\consumer_kafka\target\classes;C:\Users\venkata.pulipati\.m2\repository\org\springframework\boot\spring-boot-starter-web\3.5.0\spring-boot-starter-web-3.5.0.jar;C:\Users\venkata.pulipati\.m2\repository\org\springframework\boot\spring-boot-starter\3.5.0\spring-boot-starter-3.5.0.jar;C:\Users\venkata.pulipati\.m2\repository\org\springframework\boot\spring-boot\3.5.0\spring-boot-3.5.0.jar;C:\Users\venkata.pulipati\.m2\repository\org\springframework\boot\spring-boot-autoconfigure\3.5.0\spring-boot-autoconfigure-3.5.0.jar;C:\Users\venkata.pulipati\.m2\repository\org\springframework\boot\spring-boot-starter-logging\3.5.0\spring-boot-starter-logging-3.5.0.jar;C:\Users\venkata.pulipati\.m2\repository\org\apache\logging\log4j\log4j-to-slf4j\2.24.3\log4j-to-slf4j-2.24.3.jar;C:\Users\venkata.pulipati\.m2\repository\org\slf4j\jul-to-slf4j\2.0.17\jul-to-slf4j-2.0.17.jar;C:\Users\venkata.pulipati\.m2\repository\jakarta\annotation\jakarta.annotation-api\2.1.1\jakarta.annotation-api-2.1.1.jar;C:\Users\venkata.pulipati\.m2\repository\org\yaml\snakeyaml\2.4\snakeyaml-2.4.jar;C:\Users\venkata.pulipati\.m2\repository\org\springframework\boot\spring-boot-starter-json\3.5.0\spring-boot-starter-json-3.5.0.jar;C:\Users\venkata.pulipati\.m2\repository\com\fasterxml\jackson\core\jackson-databind\2.19.0\jackson-databind-2.19.0.jar;C:\Users\venkata.pulipati\.m2\repository\com\fasterxml\jackson\core\jackson-annotations\2.19.0\jackson-annotations-2.19.0.jar;C:\Users\venkata.pulipati\.m2\repository\com\fasterxml\jackson\core\jackson-core\2.19.0\jackson-core-2.19.0.jar;C:\Users\venkata.pulipati\.m2\repository\com\fasterxml\jackson\datatype\jackson-datatype-jdk8\2.19.0\jackson-datatype-jdk8-2.19.0.jar;C:\Users\venkata.pulipati\.m2\repository\com\fasterxml\jackson\datatype\jackson-datatype-jsr310\2.19.0\jackson-datatype-jsr310-2.19.0.jar;C:\Users\venkata.pulipati\.m2\repository\com\fasterxml\jackson\module\jackson-module-parameter-names\2.19.0\jackson-module-parameter-names-2.19.0.jar;C:\Users\venkata.pulipati\.m2\repository\org\springframework\boot\spring-boot-starter-tomcat\3.5.0\spring-boot-starter-tomcat-3.5.0.jar;C:\Users\venkata.pulipati\.m2\repository\org\apache\tomcat\embed\tomcat-embed-core\10.1.41\tomcat-embed-core-10.1.41.jar;C:\Users\venkata.pulipati\.m2\repository\org\apache\tomcat\embed\tomcat-embed-el\10.1.41\tomcat-embed-el-10.1.41.jar;C:\Users\venkata.pulipati\.m2\repository\org\apache\tomcat\embed\tomcat-embed-websocket\10.1.41\tomcat-embed-websocket-10.1.41.jar;C:\Users\venkata.pulipati\.m2\repository\org\springframework\spring-web\6.2.7\spring-web-6.2.7.jar;C:\Users\venkata.pulipati\.m2\repository\org\springframework\spring-beans\6.2.7\spring-beans-6.2.7.jar;C:\Users\venkata.pulipati\.m2\repository\org\springframework\spring-webmvc\6.2.7\spring-webmvc-6.2.7.jar;C:\Users\venkata.pulipati\.m2\repository\org\springframework\spring-aop\6.2.7\spring-aop-6.2.7.jar;C:\Users\venkata.pulipati\.m2\repository\org\springframework\spring-expression\6.2.7\spring-expression-6.2.7.jar;C:\Users\venkata.pulipati\.m2\repository\org\springframework\kafka\spring-kafka\3.3.6\spring-kafka-3.3.6.jar;C:\Users\venkata.pulipati\.m2\repository\org\springframework\spring-context\6.2.7\spring-context-6.2.7.jar;C:\Users\venkata.pulipati\.m2\repository\org\springframework\spring-messaging\6.2.7\spring-messaging-6.2.7.jar;C:\Users\venkata.pulipati\.m2\repository\org\springframework\spring-tx\6.2.7\spring-tx-6.2.7.jar;C:\Users\venkata.pulipati\.m2\repository\org\springframework\retry\spring-retry\2.0.12\spring-retry-2.0.12.jar;C:\Users\venkata.pulipati\.m2\repository\org\apache\kafka\kafka-clients\3.9.1\kafka-clients-3.9.1.jar;C:\Users\venkata.pulipati\.m2\repository\com\github\luben\zstd-jni\1.5.6-4\zstd-jni-1.5.6-4.jar;C:\Users\venkata.pulipati\.m2\repository\org\lz4\lz4-java\1.8.0\lz4-java-1.8.0.jar;C:\Users\venkata.pulipati\.m2\repository\org\xerial\snappy\snappy-java\1.1.10.5\snappy-java-1.1.10.5.jar;C:\Users\venkata.pulipati\.m2\repository\org\slf4j\slf4j-api\2.0.17\slf4j-api-2.0.17.jar;C:\Users\venkata.pulipati\.m2\repository\io\micrometer\micrometer-observation\1.15.0\micrometer-observation-1.15.0.jar;C:\Users\venkata.pulipati\.m2\repository\io\micrometer\micrometer-commons\1.15.0\micrometer-commons-1.15.0.jar;C:\Users\venkata.pulipati\.m2\repository\org\springframework\boot\spring-boot-starter-data-jpa\3.5.0\spring-boot-starter-data-jpa-3.5.0.jar;C:\Users\venkata.pulipati\.m2\repository\org\springframework\boot\spring-boot-starter-jdbc\3.5.0\spring-boot-starter-jdbc-3.5.0.jar;C:\Users\venkata.pulipati\.m2\repository\com\zaxxer\HikariCP\6.3.0\HikariCP-6.3.0.jar;C:\Users\venkata.pulipati\.m2\repository\org\springframework\spring-jdbc\6.2.7\spring-jdbc-6.2.7.jar;C:\Users\venkata.pulipati\.m2\repository\org\hibernate\orm\hibernate-core\6.6.15.Final\hibernate-core-6.6.15.Final.jar;C:\Users\venkata.pulipati\.m2\repository\jakarta\persistence\jakarta.persistence-api\3.1.0\jakarta.persistence-api-3.1.0.jar;C:\Users\venkata.pulipati\.m2\repository\jakarta\transaction\jakarta.transaction-api\2.0.1\jakarta.transaction-api-2.0.1.jar;C:\Users\venkata.pulipati\.m2\repository\org\jboss\logging\jboss-logging\3.6.1.Final\jboss-logging-3.6.1.Final.jar;C:\Users\venkata.pulipati\.m2\repository\org\hibernate\common\hibernate-commons-annotations\7.0.3.Final\hibernate-commons-annotations-7.0.3.Final.jar;C:\Users\venkata.pulipati\.m2\repository\io\smallrye\jandex\3.2.0\jandex-3.2.0.jar;C:\Users\venkata.pulipati\.m2\repository\com\fasterxml\classmate\1.7.0\classmate-1.7.0.jar;C:\Users\venkata.pulipati\.m2\repository\net\bytebuddy\byte-buddy\1.17.5\byte-buddy-1.17.5.jar;C:\Users\venkata.pulipati\.m2\repository\org\glassfish\jaxb\jaxb-runtime\4.0.5\jaxb-runtime-4.0.5.jar;C:\Users\venkata.pulipati\.m2\repository\org\glassfish\jaxb\jaxb-core\4.0.5\jaxb-core-4.0.5.jar;C:\Users\venkata.pulipati\.m2\repository\org\eclipse\angus\angus-activation\2.0.2\angus-activation-2.0.2.jar;C:\Users\venkata.pulipati\.m2\repository\org\glassfish\jaxb\txw2\4.0.5\txw2-4.0.5.jar;C:\Users\venkata.pulipati\.m2\repository\com\sun\istack\istack-commons-runtime\4.1.2\istack-commons-runtime-4.1.2.jar;C:\Users\venkata.pulipati\.m2\repository\jakarta\inject\jakarta.inject-api\2.0.1\jakarta.inject-api-2.0.1.jar;C:\Users\venkata.pulipati\.m2\repository\org\antlr\antlr4-runtime\4.13.0\antlr4-runtime-4.13.0.jar;C:\Users\venkata.pulipati\.m2\repository\org\springframework\data\spring-data-jpa\3.5.0\spring-data-jpa-3.5.0.jar;C:\Users\venkata.pulipati\.m2\repository\org\springframework\data\spring-data-commons\3.5.0\spring-data-commons-3.5.0.jar;C:\Users\venkata.pulipati\.m2\repository\org\springframework\spring-orm\6.2.7\spring-orm-6.2.7.jar;C:\Users\venkata.pulipati\.m2\repository\org\springframework\spring-aspects\6.2.7\spring-aspects-6.2.7.jar;C:\Users\venkata.pulipati\.m2\repository\org\aspectj\aspectjweaver\1.9.24\aspectjweaver-1.9.24.jar;C:\Users\venkata.pulipati\.m2\repository\com\h2database\h2\2.3.232\h2-2.3.232.jar;C:\Users\venkata.pulipati\.m2\repository\org\projectlombok\lombok\1.18.38\lombok-1.18.38.jar;C:\Users\venkata.pulipati\.m2\repository\com\opencsv\opencsv\5.11.2\opencsv-5.11.2.jar;C:\Users\venkata.pulipati\.m2\repository\org\apache\commons\commons-lang3\3.17.0\commons-lang3-3.17.0.jar;C:\Users\venkata.pulipati\.m2\repository\org\apache\commons\commons-text\1.13.1\commons-text-1.13.1.jar;C:\Users\venkata.pulipati\.m2\repository\commons-beanutils\commons-beanutils\1.11.0\commons-beanutils-1.11.0.jar;C:\Users\venkata.pulipati\.m2\repository\commons-logging\commons-logging\1.3.5\commons-logging-1.3.5.jar;C:\Users\venkata.pulipati\.m2\repository\commons-collections\commons-collections\3.2.2\commons-collections-3.2.2.jar;C:\Users\venkata.pulipati\.m2\repository\org\apache\commons\commons-collections4\4.5.0\commons-collections4-4.5.0.jar;C:\Users\venkata.pulipati\.m2\repository\org\apache\poi\poi\5.4.1\poi-5.4.1.jar;C:\Users\venkata.pulipati\.m2\repository\commons-codec\commons-codec\1.18.0\commons-codec-1.18.0.jar;C:\Users\venkata.pulipati\.m2\repository\org\apache\commons\commons-math3\3.6.1\commons-math3-3.6.1.jar;C:\Users\venkata.pulipati\.m2\repository\commons-io\commons-io\2.18.0\commons-io-2.18.0.jar;C:\Users\venkata.pulipati\.m2\repository\com\zaxxer\SparseBitSet\1.3\SparseBitSet-1.3.jar;C:\Users\venkata.pulipati\.m2\repository\org\apache\logging\log4j\log4j-api\2.24.3\log4j-api-2.24.3.jar;C:\Users\venkata.pulipati\.m2\repository\org\apache\poi\poi-ooxml\5.4.1\poi-ooxml-5.4.1.jar;C:\Users\venkata.pulipati\.m2\repository\org\apache\poi\poi-ooxml-lite\5.4.1\poi-ooxml-lite-5.4.1.jar;C:\Users\venkata.pulipati\.m2\repository\org\apache\xmlbeans\xmlbeans\5.3.0\xmlbeans-5.3.0.jar;C:\Users\venkata.pulipati\.m2\repository\org\apache\commons\commons-compress\1.27.1\commons-compress-1.27.1.jar;C:\Users\venkata.pulipati\.m2\repository\com\github\virtuald\curvesapi\1.08\curvesapi-1.08.jar;C:\Users\venkata.pulipati\.m2\repository\jakarta\xml\bind\jakarta.xml.bind-api\4.0.2\jakarta.xml.bind-api-4.0.2.jar;C:\Users\venkata.pulipati\.m2\repository\jakarta\activation\jakarta.activation-api\2.1.3\jakarta.activation-api-2.1.3.jar;C:\Users\venkata.pulipati\.m2\repository\org\springframework\spring-core\6.2.7\spring-core-6.2.7.jar;C:\Users\venkata.pulipati\.m2\repository\org\springframework\spring-jcl\6.2.7\spring-jcl-6.2.7.jar;C:\Users\venkata.pulipati\.m2\repository\ch\qos\logback\logback-core\1.5.18\logback-core-1.5.18.jar;C:\Users\venkata.pulipati\.m2\repository\ch\qos\logback\logback-classic\1.5.18\logback-classic-1.5.18.jar
Launcher Type: SUN_STANDARD

[Global flags]
     intx CICompilerCount                          = 4                                         {product} {ergonomic}
     uint ConcGCThreads                            = 2                                         {product} {ergonomic}
     uint G1ConcRefinementThreads                  = 8                                         {product} {ergonomic}
   size_t G1HeapRegionSize                         = 2097152                                   {product} {ergonomic}
    uintx GCDrainStackTargetSize                   = 64                                        {product} {ergonomic}
   size_t InitialHeapSize                          = 264241152                                 {product} {ergonomic}
     bool ManagementServer                         = true                                      {product} {command line}
   size_t MarkStackSize                            = 4194304                                   {product} {ergonomic}
   size_t MaxHeapSize                              = 4213178368                                {product} {ergonomic}
   size_t MaxNewSize                               = 2527068160                                {product} {ergonomic}
   size_t MinHeapDeltaBytes                        = 2097152                                   {product} {ergonomic}
   size_t MinHeapSize                              = 8388608                                   {product} {ergonomic}
    uintx NonNMethodCodeHeapSize                   = 4096                                   {pd product} {ergonomic}
    uintx NonProfiledCodeHeapSize                  = 0                                      {pd product} {ergonomic}
     bool ProfileInterpreter                       = false                                  {pd product} {command line}
    uintx ProfiledCodeHeapSize                     = 0                                      {pd product} {ergonomic}
     bool ShowCodeDetailsInExceptionMessages       = true                                   {manageable} {command line}
   size_t SoftMaxHeapSize                          = 4213178368                             {manageable} {ergonomic}
     intx TieredStopAtLevel                        = 1                                         {product} {command line}
     bool UseCompressedOops                        = true                           {product lp64_product} {ergonomic}
     bool UseG1GC                                  = true                                      {product} {ergonomic}
     bool UseLargePagesIndividualAllocation        = false                                  {pd product} {ergonomic}

Logging:
Log output configuration:
 #0: stdout all=warning uptime,level,tags foldmultilines=false
 #1: stderr all=off uptime,level,tags foldmultilines=false

Environment Variables:
JAVA_HOME=C:\Program Files\openjdk-21.0.2\jdk-21.0.2
PATH=D:/spring-tools-for-eclipse-4.31.0.RELEASE/sts-4.31.0.RELEASE//plugins/org.eclipse.justj.openjdk.hotspot.jre.full.win32.x86_64_21.0.7.v20250502-0916/jre/bin/server;D:/spring-tools-for-eclipse-4.31.0.RELEASE/sts-4.31.0.RELEASE//plugins/org.eclipse.justj.openjdk.hotspot.jre.full.win32.x86_64_21.0.7.v20250502-0916/jre/bin;C:\Windows\system32;C:\Windows;C:\Windows\System32\Wbem;C:\Windows\System32\WindowsPowerShell\v1.0\;C:\Windows\System32\OpenSSH\;C:\Program Files\nodejs\;C:\Program Files\openjdk-21.0.2\jdk-21.0.2\bin;C:\apache-maven-3.9.10\bin;C:\Program Files\ojdkbuild\java-11-openjdk-11.0.15-1\bin;c:\kafka\bin;C:\Users\venkata.pulipati\AppData\Local\Microsoft\WindowsApps;C:\Users\venkata.pulipati\AppData\Local\Programs\Microsoft VS Code\bin;C:\Users\venkata.pulipati\AppData\Roaming\npm;C:\Users\venkata.pulipati\AppData\Local\GitHubDesktop\bin;C:\Users\venkata.pulipati\AppData\Local\Microsoft\WinGet\Packages\Kubernetes.kubectl_Microsoft.Winget.Source_8wekyb3d8bbwe;;D:\spring-tools-for-eclipse-4.31.0.RELEASE\sts-4.31.0.RELEASE;
USERNAME=Venkata.Pulipati
OS=Windows_NT
PROCESSOR_IDENTIFIER=Intel64 Family 6 Model 140 Stepping 1, GenuineIntel
TMP=C:\Users\VENKAT~1.PUL\AppData\Local\Temp
TEMP=C:\Users\VENKAT~1.PUL\AppData\Local\Temp




Periodic native trim disabled

---------------  S Y S T E M  ---------------

OS:
 Windows 11 , 64 bit Build 22621 (10.0.22621.5415)
OS uptime: 7 days 23:30 hours
Hyper-V role detected

CPU: total 8 (initial active 8) (4 cores per cpu, 2 threads per core) family 6 model 140 stepping 1 microcode 0xba, cx8, cmov, fxsr, ht, mmx, 3dnowpref, sse, sse2, sse3, ssse3, sse4.1, sse4.2, popcnt, lzcnt, tsc, tscinvbit, avx, avx2, aes, erms, clmul, bmi1, bmi2, adx, avx512f, avx512dq, avx512cd, avx512bw, avx512vl, sha, fma, vzeroupper, avx512_vpopcntdq, avx512_vpclmulqdq, avx512_vaes, avx512_vnni, clflush, clflushopt, clwb, avx512_vbmi2, avx512_vbmi, hv, rdtscp, rdpid, fsrm, gfni, avx512_bitalg, f16c, cet_ibt, cet_ss, avx512_ifma
Processor Information for all 8 processors :
  Max Mhz: 2803, Current Mhz: 2803, Mhz Limit: 2803

Memory: 4k page, system-wide physical 16064M (2694M free)
TotalPageFile size 24668M (AvailPageFile size 3364M)
current process WorkingSet (physical memory assigned to process): 326M, peak: 326M
current process commit charge ("private bytes"): 363M, peak: 373M

vm_info: OpenJDK 64-Bit Server VM (21.0.2+13-58) for windows-amd64 JRE (21.0.2+13-58), built on 2024-01-05T18:32:24Z by "mach5one" with MS VC++ 17.1 (VS2022)

END.
